{"/home/travis/build/npmtest/node-npmtest-fortune/test.js":{"path":"/home/travis/build/npmtest/node-npmtest-fortune/test.js","s":{"1":2,"2":2,"3":2,"4":2,"5":2,"6":2,"7":2,"8":1,"9":2,"10":2,"11":1,"12":1,"13":1,"14":1,"15":2,"16":2,"17":2,"18":2,"19":1,"20":1,"21":2,"22":2,"23":2,"24":1,"25":1,"26":1,"27":1,"28":1,"29":1,"30":1,"31":1,"32":1,"33":1,"34":1,"35":1,"36":1,"37":1,"38":1,"39":2,"40":2,"41":1,"42":2,"43":2,"44":1,"45":2,"46":2,"47":1,"48":2,"49":2,"50":1,"51":1,"52":1,"53":1,"54":1},"b":{"1":[2,1,1,1],"2":[1,1,1,1],"3":[1,1],"4":[1,1],"5":[1,1],"6":[1,1],"7":[1,1],"8":[1,1],"9":[1,1],"10":[1,1,1],"11":[1,1],"12":[1,1],"13":[1,1],"14":[1,1],"15":[1,1],"16":[1,1],"17":[1,1]},"f":{"1":2,"2":2,"3":2,"4":2,"5":2,"6":1,"7":1,"8":1,"9":2,"10":2,"11":2,"12":2,"13":1},"fnMap":{"1":{"name":"(anonymous_1)","line":12,"loc":{"start":{"line":12,"column":1},"end":{"line":12,"column":13}}},"2":{"name":"(anonymous_2)","line":19,"loc":{"start":{"line":19,"column":5},"end":{"line":19,"column":17}}},"3":{"name":"(anonymous_3)","line":23,"loc":{"start":{"line":23,"column":24},"end":{"line":23,"column":36}}},"4":{"name":"(anonymous_4)","line":61,"loc":{"start":{"line":61,"column":5},"end":{"line":61,"column":17}}},"5":{"name":"(anonymous_5)","line":82,"loc":{"start":{"line":82,"column":5},"end":{"line":82,"column":17}}},"6":{"name":"(anonymous_6)","line":91,"loc":{"start":{"line":91,"column":77},"end":{"line":94,"column":10}}},"7":{"name":"(anonymous_7)","line":112,"loc":{"start":{"line":112,"column":83},"end":{"line":115,"column":10}},"skip":true},"8":{"name":"(anonymous_8)","line":123,"loc":{"start":{"line":123,"column":77},"end":{"line":126,"column":10}},"skip":true},"9":{"name":"(anonymous_9)","line":139,"loc":{"start":{"line":139,"column":12},"end":{"line":139,"column":40}},"skip":true},"10":{"name":"(anonymous_10)","line":147,"loc":{"start":{"line":147,"column":77},"end":{"line":150,"column":10}},"skip":true},"11":{"name":"(anonymous_11)","line":158,"loc":{"start":{"line":158,"column":83},"end":{"line":161,"column":10}},"skip":true},"12":{"name":"(anonymous_12)","line":169,"loc":{"start":{"line":169,"column":79},"end":{"line":172,"column":10}},"skip":true},"13":{"name":"(anonymous_13)","line":180,"loc":{"start":{"line":180,"column":75},"end":{"line":183,"column":10}},"skip":true}},"statementMap":{"1":{"start":{"line":12,"column":0},"end":{"line":195,"column":5}},"2":{"start":{"line":14,"column":4},"end":{"line":14,"column":14}},"3":{"start":{"line":19,"column":4},"end":{"line":56,"column":9}},"4":{"start":{"line":21,"column":8},"end":{"line":21,"column":19}},"5":{"start":{"line":23,"column":8},"end":{"line":35,"column":13}},"6":{"start":{"line":24,"column":12},"end":{"line":34,"column":13}},"7":{"start":{"line":25,"column":16},"end":{"line":28,"column":30}},"8":{"start":{"line":30,"column":16},"end":{"line":33,"column":27}},"9":{"start":{"line":37,"column":8},"end":{"line":39,"column":21}},"10":{"start":{"line":40,"column":8},"end":{"line":53,"column":9}},"11":{"start":{"line":43,"column":12},"end":{"line":46,"column":14}},"12":{"start":{"line":47,"column":12},"end":{"line":47,"column":18}},"13":{"start":{"line":50,"column":12},"end":{"line":51,"column":33}},"14":{"start":{"line":52,"column":12},"end":{"line":52,"column":18}},"15":{"start":{"line":55,"column":8},"end":{"line":55,"column":35}},"16":{"start":{"line":61,"column":4},"end":{"line":63,"column":9}},"17":{"start":{"line":62,"column":8},"end":{"line":62,"column":15}},"18":{"start":{"line":64,"column":4},"end":{"line":77,"column":5}},"19":{"start":{"line":70,"column":8},"end":{"line":70,"column":14}},"20":{"start":{"line":76,"column":8},"end":{"line":76,"column":14}},"21":{"start":{"line":82,"column":4},"end":{"line":84,"column":9}},"22":{"start":{"line":83,"column":8},"end":{"line":83,"column":15}},"23":{"start":{"line":85,"column":4},"end":{"line":194,"column":5}},"24":{"start":{"line":91,"column":8},"end":{"line":99,"column":10}},"25":{"start":{"line":98,"column":12},"end":{"line":98,"column":35}},"26":{"start":{"line":102,"column":8},"end":{"line":104,"column":63}},"27":{"start":{"line":105,"column":8},"end":{"line":105,"column":14}},"28":{"start":{"line":112,"column":8},"end":{"line":121,"column":10},"skip":true},"29":{"start":{"line":119,"column":12},"end":{"line":119,"column":55},"skip":true},"30":{"start":{"line":120,"column":12},"end":{"line":120,"column":48},"skip":true},"31":{"start":{"line":123,"column":8},"end":{"line":136,"column":10},"skip":true},"32":{"start":{"line":130,"column":12},"end":{"line":130,"column":76},"skip":true},"33":{"start":{"line":131,"column":12},"end":{"line":131,"column":73},"skip":true},"34":{"start":{"line":132,"column":12},"end":{"line":132,"column":74},"skip":true},"35":{"start":{"line":133,"column":12},"end":{"line":133,"column":79},"skip":true},"36":{"start":{"line":134,"column":12},"end":{"line":134,"column":25},"skip":true},"37":{"start":{"line":135,"column":12},"end":{"line":135,"column":45},"skip":true},"38":{"start":{"line":138,"column":8},"end":{"line":145,"column":14},"skip":true},"39":{"start":{"line":143,"column":16},"end":{"line":143,"column":29},"skip":true},"40":{"start":{"line":144,"column":16},"end":{"line":144,"column":55},"skip":true},"41":{"start":{"line":147,"column":8},"end":{"line":156,"column":10},"skip":true},"42":{"start":{"line":154,"column":12},"end":{"line":154,"column":25},"skip":true},"43":{"start":{"line":155,"column":12},"end":{"line":155,"column":45},"skip":true},"44":{"start":{"line":158,"column":8},"end":{"line":167,"column":10},"skip":true},"45":{"start":{"line":165,"column":12},"end":{"line":165,"column":25},"skip":true},"46":{"start":{"line":166,"column":12},"end":{"line":166,"column":48},"skip":true},"47":{"start":{"line":169,"column":8},"end":{"line":178,"column":10},"skip":true},"48":{"start":{"line":176,"column":12},"end":{"line":176,"column":25},"skip":true},"49":{"start":{"line":177,"column":12},"end":{"line":177,"column":46},"skip":true},"50":{"start":{"line":180,"column":8},"end":{"line":189,"column":10},"skip":true},"51":{"start":{"line":187,"column":12},"end":{"line":187,"column":94},"skip":true},"52":{"start":{"line":188,"column":12},"end":{"line":188,"column":48},"skip":true},"53":{"start":{"line":192,"column":8},"end":{"line":192,"column":35},"skip":true},"54":{"start":{"line":193,"column":8},"end":{"line":193,"column":14},"skip":true}},"branchMap":{"1":{"line":25,"type":"binary-expr","locations":[{"start":{"line":25,"column":23},"end":{"line":25,"column":62}},{"start":{"line":26,"column":20},"end":{"line":26,"column":70}},{"start":{"line":27,"column":20},"end":{"line":27,"column":71}},{"start":{"line":28,"column":20},"end":{"line":28,"column":29}}]},"2":{"line":30,"type":"binary-expr","locations":[{"start":{"line":30,"column":23},"end":{"line":30,"column":37}},{"start":{"line":31,"column":20},"end":{"line":31,"column":61}},{"start":{"line":32,"column":20},"end":{"line":32,"column":70}},{"start":{"line":33,"column":20},"end":{"line":33,"column":26}}]},"3":{"line":37,"type":"cond-expr","locations":[{"start":{"line":38,"column":14},"end":{"line":38,"column":20}},{"start":{"line":39,"column":14},"end":{"line":39,"column":20}}]},"4":{"line":40,"type":"switch","locations":[{"start":{"line":42,"column":8},"end":{"line":47,"column":18}},{"start":{"line":49,"column":8},"end":{"line":52,"column":18}}]},"5":{"line":44,"type":"binary-expr","locations":[{"start":{"line":44,"column":16},"end":{"line":44,"column":44}},{"start":{"line":44,"column":48},"end":{"line":44,"column":66}}]},"6":{"line":50,"type":"binary-expr","locations":[{"start":{"line":50,"column":21},"end":{"line":50,"column":49}},{"start":{"line":50,"column":53},"end":{"line":50,"column":72}}]},"7":{"line":64,"type":"switch","locations":[{"start":{"line":69,"column":4},"end":{"line":70,"column":14}},{"start":{"line":75,"column":4},"end":{"line":76,"column":14}}]},"8":{"line":85,"type":"switch","locations":[{"start":{"line":90,"column":4},"end":{"line":105,"column":14}},{"start":{"line":111,"column":4},"end":{"line":193,"column":14},"skip":true}]},"9":{"line":91,"type":"binary-expr","locations":[{"start":{"line":91,"column":42},"end":{"line":91,"column":73}},{"start":{"line":91,"column":77},"end":{"line":99,"column":9}}]},"10":{"line":102,"type":"binary-expr","locations":[{"start":{"line":102,"column":18},"end":{"line":102,"column":32}},{"start":{"line":103,"column":12},"end":{"line":103,"column":53}},{"start":{"line":104,"column":12},"end":{"line":104,"column":61}}]},"11":{"line":112,"type":"binary-expr","locations":[{"start":{"line":112,"column":45},"end":{"line":112,"column":79},"skip":true},{"start":{"line":112,"column":83},"end":{"line":121,"column":9},"skip":true}]},"12":{"line":123,"type":"binary-expr","locations":[{"start":{"line":123,"column":42},"end":{"line":123,"column":73},"skip":true},{"start":{"line":123,"column":77},"end":{"line":136,"column":9},"skip":true}]},"13":{"line":138,"type":"binary-expr","locations":[{"start":{"line":138,"column":48},"end":{"line":138,"column":85},"skip":true},{"start":{"line":139,"column":12},"end":{"line":145,"column":13},"skip":true}]},"14":{"line":147,"type":"binary-expr","locations":[{"start":{"line":147,"column":42},"end":{"line":147,"column":73},"skip":true},{"start":{"line":147,"column":77},"end":{"line":156,"column":9},"skip":true}]},"15":{"line":158,"type":"binary-expr","locations":[{"start":{"line":158,"column":45},"end":{"line":158,"column":79},"skip":true},{"start":{"line":158,"column":83},"end":{"line":167,"column":9},"skip":true}]},"16":{"line":169,"type":"binary-expr","locations":[{"start":{"line":169,"column":43},"end":{"line":169,"column":75},"skip":true},{"start":{"line":169,"column":79},"end":{"line":178,"column":9},"skip":true}]},"17":{"line":180,"type":"binary-expr","locations":[{"start":{"line":180,"column":41},"end":{"line":180,"column":71},"skip":true},{"start":{"line":180,"column":75},"end":{"line":189,"column":9},"skip":true}]}},"code":["/* istanbul instrument in package npmtest_fortune */","/*jslint","    bitwise: true,","    browser: true,","    maxerr: 8,","    maxlen: 96,","    node: true,","    nomen: true,","    regexp: true,","    stupid: true","*/","(function () {","    'use strict';","    var local;","","","","    // run shared js-env code - pre-init","    (function () {","        // init local","        local = {};","        // init modeJs","        local.modeJs = (function () {","            try {","                return typeof navigator.userAgent === 'string' &&","                    typeof document.querySelector('body') === 'object' &&","                    typeof XMLHttpRequest.prototype.open === 'function' &&","                    'browser';","            } catch (errorCaughtBrowser) {","                return module.exports &&","                    typeof process.versions.node === 'string' &&","                    typeof require('http').createServer === 'function' &&","                    'node';","            }","        }());","        // init global","        local.global = local.modeJs === 'browser'","            ? window","            : global;","        switch (local.modeJs) {","        // re-init local from window.local","        case 'browser':","            local = local.global.utility2.objectSetDefault(","                local.global.utility2_rollup || local.global.local,","                local.global.utility2","            );","            break;","        // re-init local from example.js","        case 'node':","            local = (local.global.utility2_rollup || require('utility2'))","                .requireReadme();","            break;","        }","        // export local","        local.global.local = local;","    }());","","","","    // run shared js-env code - function","    (function () {","        return;","    }());","    switch (local.modeJs) {","","","","    // run browser js-env code - function","    case 'browser':","        break;","","","","    // run node js-env code - function","    case 'node':","        break;","    }","","","","    // run shared js-env code - post-init","    (function () {","        return;","    }());","    switch (local.modeJs) {","","","","    // run browser js-env code - post-init","    case 'browser':","        local.testCase_browser_nullCase = local.testCase_browser_nullCase || function (","            options,","            onError","        ) {","        /*","         * this function will test browsers's null-case handling-behavior-behavior","         */","            onError(null, options);","        };","","        // run tests","        local.nop(local.modeTest &&","            document.querySelector('#testRunButton1') &&","            document.querySelector('#testRunButton1').click());","        break;","","","","    // run node js-env code - post-init","    /* istanbul ignore next */","    case 'node':","        local.testCase_buildApidoc_default = local.testCase_buildApidoc_default || function (","            options,","            onError","        ) {","        /*","         * this function will test buildApidoc's default handling-behavior-behavior","         */","            options = { modulePathList: module.paths };","            local.buildApidoc(options, onError);","        };","","        local.testCase_buildApp_default = local.testCase_buildApp_default || function (","            options,","            onError","        ) {","        /*","         * this function will test buildApp's default handling-behavior-behavior","         */","            local.testCase_buildReadme_default(options, local.onErrorThrow);","            local.testCase_buildLib_default(options, local.onErrorThrow);","            local.testCase_buildTest_default(options, local.onErrorThrow);","            local.testCase_buildCustomOrg_default(options, local.onErrorThrow);","            options = [];","            local.buildApp(options, onError);","        };","","        local.testCase_buildCustomOrg_default = local.testCase_buildCustomOrg_default ||","            function (options, onError) {","            /*","             * this function will test buildCustomOrg's default handling-behavior","             */","                options = {};","                local.buildCustomOrg(options, onError);","            };","","        local.testCase_buildLib_default = local.testCase_buildLib_default || function (","            options,","            onError","        ) {","        /*","         * this function will test buildLib's default handling-behavior","         */","            options = {};","            local.buildLib(options, onError);","        };","","        local.testCase_buildReadme_default = local.testCase_buildReadme_default || function (","            options,","            onError","        ) {","        /*","         * this function will test buildReadme's default handling-behavior-behavior","         */","            options = {};","            local.buildReadme(options, onError);","        };","","        local.testCase_buildTest_default = local.testCase_buildTest_default || function (","            options,","            onError","        ) {","        /*","         * this function will test buildTest's default handling-behavior","         */","            options = {};","            local.buildTest(options, onError);","        };","","        local.testCase_webpage_default = local.testCase_webpage_default || function (","            options,","            onError","        ) {","        /*","         * this function will test webpage's default handling-behavior","         */","            options = { modeCoverageMerge: true, url: local.serverLocalHost + '?modeTest=1' };","            local.browserTest(options, onError);","        };","","        // run test-server","        local.testRunServer(local);","        break;","    }","}());",""],"l":{"12":2,"14":2,"19":2,"21":2,"23":2,"24":2,"25":2,"30":1,"37":2,"40":2,"43":1,"47":1,"50":1,"52":1,"55":2,"61":2,"62":2,"64":2,"70":1,"76":1,"82":2,"83":2,"85":2,"91":1,"98":1,"102":1,"105":1,"112":1,"119":1,"120":1,"123":1,"130":1,"131":1,"132":1,"133":1,"134":1,"135":1,"138":1,"143":2,"144":2,"147":1,"154":2,"155":2,"158":1,"165":2,"166":2,"169":1,"176":2,"177":2,"180":1,"187":1,"188":1,"192":1,"193":1}},"/home/travis/build/npmtest/node-npmtest-fortune/lib.npmtest_fortune.js":{"path":"/home/travis/build/npmtest/node-npmtest-fortune/lib.npmtest_fortune.js","s":{"1":2,"2":2,"3":2,"4":2,"5":2,"6":2,"7":2,"8":1,"9":2,"10":2,"11":2,"12":2,"13":1,"14":1,"15":1,"16":1},"b":{"1":[2,1,1,1],"2":[1,1,1,1],"3":[1,1],"4":[2,2],"5":[1,1]},"f":{"1":2,"2":2,"3":2},"fnMap":{"1":{"name":"(anonymous_1)","line":12,"loc":{"start":{"line":12,"column":1},"end":{"line":12,"column":13}}},"2":{"name":"(anonymous_2)","line":19,"loc":{"start":{"line":19,"column":5},"end":{"line":19,"column":17}}},"3":{"name":"(anonymous_3)","line":23,"loc":{"start":{"line":23,"column":24},"end":{"line":23,"column":36}}}},"statementMap":{"1":{"start":{"line":12,"column":0},"end":{"line":53,"column":5}},"2":{"start":{"line":14,"column":4},"end":{"line":14,"column":14}},"3":{"start":{"line":19,"column":4},"end":{"line":52,"column":9}},"4":{"start":{"line":21,"column":8},"end":{"line":21,"column":19}},"5":{"start":{"line":23,"column":8},"end":{"line":35,"column":13}},"6":{"start":{"line":24,"column":12},"end":{"line":34,"column":13}},"7":{"start":{"line":25,"column":16},"end":{"line":28,"column":30}},"8":{"start":{"line":30,"column":16},"end":{"line":33,"column":27}},"9":{"start":{"line":37,"column":8},"end":{"line":39,"column":21}},"10":{"start":{"line":41,"column":8},"end":{"line":41,"column":54}},"11":{"start":{"line":43,"column":8},"end":{"line":43,"column":52}},"12":{"start":{"line":45,"column":8},"end":{"line":51,"column":9}},"13":{"start":{"line":46,"column":12},"end":{"line":46,"column":58}},"14":{"start":{"line":48,"column":12},"end":{"line":48,"column":35}},"15":{"start":{"line":49,"column":12},"end":{"line":49,"column":49}},"16":{"start":{"line":50,"column":12},"end":{"line":50,"column":43}}},"branchMap":{"1":{"line":25,"type":"binary-expr","locations":[{"start":{"line":25,"column":23},"end":{"line":25,"column":62}},{"start":{"line":26,"column":20},"end":{"line":26,"column":70}},{"start":{"line":27,"column":20},"end":{"line":27,"column":71}},{"start":{"line":28,"column":20},"end":{"line":28,"column":29}}]},"2":{"line":30,"type":"binary-expr","locations":[{"start":{"line":30,"column":23},"end":{"line":30,"column":37}},{"start":{"line":31,"column":20},"end":{"line":31,"column":61}},{"start":{"line":32,"column":20},"end":{"line":32,"column":70}},{"start":{"line":33,"column":20},"end":{"line":33,"column":26}}]},"3":{"line":37,"type":"cond-expr","locations":[{"start":{"line":38,"column":14},"end":{"line":38,"column":20}},{"start":{"line":39,"column":14},"end":{"line":39,"column":20}}]},"4":{"line":41,"type":"binary-expr","locations":[{"start":{"line":41,"column":16},"end":{"line":41,"column":44}},{"start":{"line":41,"column":48},"end":{"line":41,"column":53}}]},"5":{"line":45,"type":"if","locations":[{"start":{"line":45,"column":8},"end":{"line":45,"column":8}},{"start":{"line":45,"column":8},"end":{"line":45,"column":8}}]}},"code":["/* istanbul instrument in package npmtest_fortune */","/*jslint","    bitwise: true,","    browser: true,","    maxerr: 8,","    maxlen: 96,","    node: true,","    nomen: true,","    regexp: true,","    stupid: true","*/","(function () {","    'use strict';","    var local;","","","","    // run shared js-env code - pre-init","    (function () {","        // init local","        local = {};","        // init modeJs","        local.modeJs = (function () {","            try {","                return typeof navigator.userAgent === 'string' &&","                    typeof document.querySelector('body') === 'object' &&","                    typeof XMLHttpRequest.prototype.open === 'function' &&","                    'browser';","            } catch (errorCaughtBrowser) {","                return module.exports &&","                    typeof process.versions.node === 'string' &&","                    typeof require('http').createServer === 'function' &&","                    'node';","            }","        }());","        // init global","        local.global = local.modeJs === 'browser'","            ? window","            : global;","        // init utility2_rollup","        local = local.global.utility2_rollup || local;","        // init lib","        local.local = local.npmtest_fortune = local;","        // init exports","        if (local.modeJs === 'browser') {","            local.global.utility2_npmtest_fortune = local;","        } else {","            module.exports = local;","            module.exports.__dirname = __dirname;","            module.exports.module = module;","        }","    }());","}());",""],"l":{"12":2,"14":2,"19":2,"21":2,"23":2,"24":2,"25":2,"30":1,"37":2,"41":2,"43":2,"45":2,"46":1,"48":1,"49":1,"50":1}},"/home/travis/build/npmtest/node-npmtest-fortune/example.js":{"path":"/home/travis/build/npmtest/node-npmtest-fortune/example.js","s":{"1":2,"2":2,"3":2,"4":2,"5":2,"6":2,"7":2,"8":1,"9":2,"10":2,"11":2,"12":2,"13":1,"14":2,"15":2,"16":2,"17":2,"18":2,"19":0,"20":2,"21":1,"22":1,"23":1,"24":1,"25":1,"26":0,"27":0,"28":1,"29":1,"30":2,"31":0,"32":0,"33":0,"34":1,"35":2,"36":2,"37":3,"38":3,"39":3,"40":3,"41":0,"42":3,"43":3,"44":3,"45":1,"46":3,"47":1,"48":1,"49":1,"50":1,"51":1,"52":1,"53":1,"54":1,"55":1,"56":1,"57":0,"58":1,"59":6,"60":6,"61":1,"62":2,"63":0,"64":2,"65":1,"66":1,"67":0,"68":0,"69":0,"70":0,"71":0,"72":0,"73":0,"74":0,"75":0,"76":0,"77":0,"78":0,"79":0,"80":0,"81":0,"82":0,"83":0},"b":{"1":[2,1,1,1],"2":[1,1,1,1],"3":[1,1],"4":[2,2],"5":[1,1],"6":[1,1],"7":[2,0],"8":[2,1,1,1,1,1],"9":[0,2,0],"10":[1,1],"11":[2,1,1],"12":[1,0],"13":[0,2],"14":[2,0,0,0,0,0,0],"15":[0,3],"16":[3,0],"17":[1,1],"18":[0,1],"19":[1,2,0,2],"20":[1,0],"21":[1,1],"22":[0,0],"23":[0,0],"24":[0,0],"25":[0,0],"26":[0,0],"27":[0,0],"28":[0,0]},"f":{"1":2,"2":2,"3":2,"4":2,"5":2,"6":2,"7":3,"8":3,"9":3,"10":1,"11":6,"12":0},"fnMap":{"1":{"name":"(anonymous_1)","line":26,"loc":{"start":{"line":26,"column":1},"end":{"line":26,"column":13}}},"2":{"name":"(anonymous_2)","line":33,"loc":{"start":{"line":33,"column":5},"end":{"line":33,"column":17}}},"3":{"name":"(anonymous_3)","line":37,"loc":{"start":{"line":37,"column":24},"end":{"line":37,"column":36}}},"4":{"name":"(anonymous_4)","line":69,"loc":{"start":{"line":69,"column":31},"end":{"line":69,"column":48}},"skip":true},"5":{"name":"(anonymous_5)","line":78,"loc":{"start":{"line":78,"column":26},"end":{"line":78,"column":45}},"skip":true},"6":{"name":"(anonymous_6)","line":123,"loc":{"start":{"line":123,"column":33},"end":{"line":123,"column":48}},"skip":true},"7":{"name":"(anonymous_7)","line":125,"loc":{"start":{"line":125,"column":27},"end":{"line":125,"column":39}},"skip":true},"8":{"name":"(anonymous_8)","line":133,"loc":{"start":{"line":133,"column":59},"end":{"line":133,"column":74}},"skip":true},"9":{"name":"(anonymous_9)","line":143,"loc":{"start":{"line":143,"column":45},"end":{"line":143,"column":62}},"skip":true},"10":{"name":"(anonymous_10)","line":144,"loc":{"start":{"line":144,"column":73},"end":{"line":144,"column":92}},"skip":true},"11":{"name":"(anonymous_11)","line":272,"loc":{"start":{"line":272,"column":51},"end":{"line":272,"column":77}},"skip":true},"12":{"name":"(anonymous_12)","line":315,"loc":{"start":{"line":315,"column":32},"end":{"line":315,"column":61}},"skip":true}},"statementMap":{"1":{"start":{"line":26,"column":0},"end":{"line":326,"column":5}},"2":{"start":{"line":28,"column":4},"end":{"line":28,"column":14}},"3":{"start":{"line":33,"column":4},"end":{"line":60,"column":9}},"4":{"start":{"line":35,"column":8},"end":{"line":35,"column":19}},"5":{"start":{"line":37,"column":8},"end":{"line":49,"column":13}},"6":{"start":{"line":38,"column":12},"end":{"line":48,"column":13}},"7":{"start":{"line":39,"column":16},"end":{"line":42,"column":30}},"8":{"start":{"line":44,"column":16},"end":{"line":47,"column":27}},"9":{"start":{"line":51,"column":8},"end":{"line":53,"column":21}},"10":{"start":{"line":55,"column":8},"end":{"line":57,"column":45}},"11":{"start":{"line":59,"column":8},"end":{"line":59,"column":35}},"12":{"start":{"line":61,"column":4},"end":{"line":325,"column":5}},"13":{"start":{"line":69,"column":8},"end":{"line":121,"column":10},"skip":true},"14":{"start":{"line":70,"column":12},"end":{"line":88,"column":13},"skip":true},"15":{"start":{"line":76,"column":16},"end":{"line":87,"column":19},"skip":true},"16":{"start":{"line":79,"column":20},"end":{"line":86,"column":21},"skip":true},"17":{"start":{"line":82,"column":24},"end":{"line":82,"column":43},"skip":true},"18":{"start":{"line":83,"column":24},"end":{"line":83,"column":30},"skip":true},"19":{"start":{"line":85,"column":24},"end":{"line":85,"column":49},"skip":true},"20":{"start":{"line":89,"column":12},"end":{"line":107,"column":13},"skip":true},"21":{"start":{"line":92,"column":16},"end":{"line":102,"column":17},"skip":true},"22":{"start":{"line":93,"column":20},"end":{"line":93,"column":86},"skip":true},"23":{"start":{"line":94,"column":20},"end":{"line":95,"column":45},"skip":true},"24":{"start":{"line":96,"column":20},"end":{"line":96,"column":42},"skip":true},"25":{"start":{"line":97,"column":20},"end":{"line":97,"column":48},"skip":true},"26":{"start":{"line":100,"column":20},"end":{"line":100,"column":85},"skip":true},"27":{"start":{"line":101,"column":20},"end":{"line":101,"column":96},"skip":true},"28":{"start":{"line":103,"column":16},"end":{"line":103,"column":22},"skip":true},"29":{"start":{"line":106,"column":16},"end":{"line":106,"column":22},"skip":true},"30":{"start":{"line":108,"column":12},"end":{"line":120,"column":13},"skip":true},"31":{"start":{"line":114,"column":16},"end":{"line":119,"column":17},"skip":true},"32":{"start":{"line":116,"column":20},"end":{"line":116,"column":78},"skip":true},"33":{"start":{"line":118,"column":20},"end":{"line":118,"column":47},"skip":true},"34":{"start":{"line":123,"column":8},"end":{"line":141,"column":11},"skip":true},"35":{"start":{"line":124,"column":12},"end":{"line":124,"column":54},"skip":true},"36":{"start":{"line":125,"column":12},"end":{"line":140,"column":14},"skip":true},"37":{"start":{"line":126,"column":16},"end":{"line":126,"column":28},"skip":true},"38":{"start":{"line":127,"column":16},"end":{"line":127,"column":69},"skip":true},"39":{"start":{"line":128,"column":16},"end":{"line":128,"column":75},"skip":true},"40":{"start":{"line":129,"column":16},"end":{"line":131,"column":17},"skip":true},"41":{"start":{"line":130,"column":20},"end":{"line":130,"column":27},"skip":true},"42":{"start":{"line":133,"column":16},"end":{"line":137,"column":36},"skip":true},"43":{"start":{"line":134,"column":20},"end":{"line":136,"column":55},"skip":true},"44":{"start":{"line":139,"column":16},"end":{"line":139,"column":57},"skip":true},"45":{"start":{"line":143,"column":8},"end":{"line":147,"column":11},"skip":true},"46":{"start":{"line":144,"column":12},"end":{"line":146,"column":15},"skip":true},"47":{"start":{"line":145,"column":16},"end":{"line":145,"column":70},"skip":true},"48":{"start":{"line":149,"column":8},"end":{"line":149,"column":31},"skip":true},"49":{"start":{"line":150,"column":8},"end":{"line":150,"column":14},"skip":true},"50":{"start":{"line":158,"column":8},"end":{"line":158,"column":31},"skip":true},"51":{"start":{"line":160,"column":8},"end":{"line":160,"column":33},"skip":true},"52":{"start":{"line":161,"column":8},"end":{"line":161,"column":37},"skip":true},"53":{"start":{"line":162,"column":8},"end":{"line":162,"column":35},"skip":true},"54":{"start":{"line":164,"column":8},"end":{"line":164,"column":50},"skip":true},"55":{"start":{"line":166,"column":8},"end":{"line":256,"column":2},"skip":true},"56":{"start":{"line":258,"column":8},"end":{"line":286,"column":9},"skip":true},"57":{"start":{"line":259,"column":12},"end":{"line":269,"column":14},"skip":true},"58":{"start":{"line":271,"column":12},"end":{"line":285,"column":19},"skip":true},"59":{"start":{"line":274,"column":20},"end":{"line":274,"column":35},"skip":true},"60":{"start":{"line":275,"column":20},"end":{"line":284,"column":21},"skip":true},"61":{"start":{"line":277,"column":24},"end":{"line":277,"column":64},"skip":true},"62":{"start":{"line":279,"column":24},"end":{"line":279,"column":40},"skip":true},"63":{"start":{"line":281,"column":24},"end":{"line":281,"column":40},"skip":true},"64":{"start":{"line":283,"column":24},"end":{"line":283,"column":39},"skip":true},"65":{"start":{"line":288,"column":8},"end":{"line":290,"column":9},"skip":true},"66":{"start":{"line":289,"column":12},"end":{"line":289,"column":18},"skip":true},"67":{"start":{"line":291,"column":8},"end":{"line":293,"column":54},"skip":true},"68":{"start":{"line":296,"column":8},"end":{"line":301,"column":37},"skip":true},"69":{"start":{"line":303,"column":8},"end":{"line":303,"column":82},"skip":true},"70":{"start":{"line":306,"column":8},"end":{"line":308,"column":9},"skip":true},"71":{"start":{"line":307,"column":12},"end":{"line":307,"column":82},"skip":true},"72":{"start":{"line":310,"column":8},"end":{"line":312,"column":9},"skip":true},"73":{"start":{"line":311,"column":12},"end":{"line":311,"column":18},"skip":true},"74":{"start":{"line":313,"column":8},"end":{"line":313,"column":54},"skip":true},"75":{"start":{"line":314,"column":8},"end":{"line":314,"column":69},"skip":true},"76":{"start":{"line":315,"column":8},"end":{"line":323,"column":36},"skip":true},"77":{"start":{"line":316,"column":12},"end":{"line":316,"column":61},"skip":true},"78":{"start":{"line":317,"column":12},"end":{"line":320,"column":13},"skip":true},"79":{"start":{"line":318,"column":16},"end":{"line":318,"column":75},"skip":true},"80":{"start":{"line":319,"column":16},"end":{"line":319,"column":23},"skip":true},"81":{"start":{"line":321,"column":12},"end":{"line":321,"column":38},"skip":true},"82":{"start":{"line":322,"column":12},"end":{"line":322,"column":27},"skip":true},"83":{"start":{"line":324,"column":8},"end":{"line":324,"column":14},"skip":true}},"branchMap":{"1":{"line":39,"type":"binary-expr","locations":[{"start":{"line":39,"column":23},"end":{"line":39,"column":62}},{"start":{"line":40,"column":20},"end":{"line":40,"column":70}},{"start":{"line":41,"column":20},"end":{"line":41,"column":71}},{"start":{"line":42,"column":20},"end":{"line":42,"column":29}}]},"2":{"line":44,"type":"binary-expr","locations":[{"start":{"line":44,"column":23},"end":{"line":44,"column":37}},{"start":{"line":45,"column":20},"end":{"line":45,"column":61}},{"start":{"line":46,"column":20},"end":{"line":46,"column":70}},{"start":{"line":47,"column":20},"end":{"line":47,"column":26}}]},"3":{"line":51,"type":"cond-expr","locations":[{"start":{"line":52,"column":14},"end":{"line":52,"column":20}},{"start":{"line":53,"column":14},"end":{"line":53,"column":20}}]},"4":{"line":55,"type":"binary-expr","locations":[{"start":{"line":55,"column":16},"end":{"line":55,"column":44}},{"start":{"line":55,"column":49},"end":{"line":57,"column":43}}]},"5":{"line":55,"type":"cond-expr","locations":[{"start":{"line":56,"column":14},"end":{"line":56,"column":51}},{"start":{"line":57,"column":14},"end":{"line":57,"column":43}}]},"6":{"line":61,"type":"switch","locations":[{"start":{"line":68,"column":4},"end":{"line":150,"column":14},"skip":true},{"start":{"line":156,"column":4},"end":{"line":324,"column":14},"skip":true}]},"7":{"line":70,"type":"if","locations":[{"start":{"line":70,"column":12},"end":{"line":70,"column":12},"skip":true},{"start":{"line":70,"column":12},"end":{"line":70,"column":12},"skip":true}]},"8":{"line":70,"type":"binary-expr","locations":[{"start":{"line":70,"column":16},"end":{"line":70,"column":22},"skip":true},{"start":{"line":70,"column":27},"end":{"line":70,"column":32},"skip":true},{"start":{"line":71,"column":20},"end":{"line":71,"column":39},"skip":true},{"start":{"line":72,"column":20},"end":{"line":72,"column":49},"skip":true},{"start":{"line":73,"column":20},"end":{"line":73,"column":58},"skip":true},{"start":{"line":74,"column":20},"end":{"line":74,"column":69},"skip":true}]},"9":{"line":79,"type":"switch","locations":[{"start":{"line":80,"column":20},"end":{"line":80,"column":33},"skip":true},{"start":{"line":81,"column":20},"end":{"line":83,"column":30},"skip":true},{"start":{"line":84,"column":20},"end":{"line":85,"column":49},"skip":true}]},"10":{"line":89,"type":"switch","locations":[{"start":{"line":90,"column":12},"end":{"line":103,"column":22},"skip":true},{"start":{"line":105,"column":12},"end":{"line":106,"column":22},"skip":true}]},"11":{"line":89,"type":"binary-expr","locations":[{"start":{"line":89,"column":20},"end":{"line":89,"column":25},"skip":true},{"start":{"line":89,"column":29},"end":{"line":89,"column":48},"skip":true},{"start":{"line":89,"column":52},"end":{"line":89,"column":74},"skip":true}]},"12":{"line":92,"type":"if","locations":[{"start":{"line":92,"column":16},"end":{"line":92,"column":16},"skip":true},{"start":{"line":92,"column":16},"end":{"line":92,"column":16},"skip":true}]},"13":{"line":108,"type":"if","locations":[{"start":{"line":108,"column":12},"end":{"line":108,"column":12},"skip":true},{"start":{"line":108,"column":12},"end":{"line":108,"column":12},"skip":true}]},"14":{"line":108,"type":"binary-expr","locations":[{"start":{"line":108,"column":16},"end":{"line":108,"column":61},"skip":true},{"start":{"line":108,"column":66},"end":{"line":108,"column":72},"skip":true},{"start":{"line":108,"column":77},"end":{"line":108,"column":82},"skip":true},{"start":{"line":109,"column":20},"end":{"line":109,"column":39},"skip":true},{"start":{"line":110,"column":20},"end":{"line":110,"column":49},"skip":true},{"start":{"line":111,"column":20},"end":{"line":111,"column":58},"skip":true},{"start":{"line":112,"column":20},"end":{"line":112,"column":68},"skip":true}]},"15":{"line":129,"type":"if","locations":[{"start":{"line":129,"column":16},"end":{"line":129,"column":16},"skip":true},{"start":{"line":129,"column":16},"end":{"line":129,"column":16},"skip":true}]},"16":{"line":134,"type":"cond-expr","locations":[{"start":{"line":135,"column":26},"end":{"line":135,"column":29},"skip":true},{"start":{"line":136,"column":26},"end":{"line":136,"column":54},"skip":true}]},"17":{"line":164,"type":"binary-expr","locations":[{"start":{"line":164,"column":27},"end":{"line":164,"column":43},"skip":true},{"start":{"line":164,"column":47},"end":{"line":164,"column":49},"skip":true}]},"18":{"line":258,"type":"if","locations":[{"start":{"line":258,"column":8},"end":{"line":258,"column":8},"skip":true},{"start":{"line":258,"column":8},"end":{"line":258,"column":8},"skip":true}]},"19":{"line":275,"type":"switch","locations":[{"start":{"line":276,"column":20},"end":{"line":277,"column":64},"skip":true},{"start":{"line":278,"column":20},"end":{"line":279,"column":40},"skip":true},{"start":{"line":280,"column":20},"end":{"line":281,"column":40},"skip":true},{"start":{"line":282,"column":20},"end":{"line":283,"column":39},"skip":true}]},"20":{"line":288,"type":"if","locations":[{"start":{"line":288,"column":8},"end":{"line":288,"column":8},"skip":true},{"start":{"line":288,"column":8},"end":{"line":288,"column":8},"skip":true}]},"21":{"line":288,"type":"binary-expr","locations":[{"start":{"line":288,"column":12},"end":{"line":288,"column":40},"skip":true},{"start":{"line":288,"column":44},"end":{"line":288,"column":67},"skip":true}]},"22":{"line":292,"type":"binary-expr","locations":[{"start":{"line":292,"column":12},"end":{"line":292,"column":50},"skip":true},{"start":{"line":293,"column":12},"end":{"line":293,"column":53},"skip":true}]},"23":{"line":297,"type":"binary-expr","locations":[{"start":{"line":297,"column":12},"end":{"line":297,"column":65},"skip":true},{"start":{"line":298,"column":12},"end":{"line":301,"column":36},"skip":true}]},"24":{"line":303,"type":"binary-expr","locations":[{"start":{"line":303,"column":43},"end":{"line":303,"column":75},"skip":true},{"start":{"line":303,"column":79},"end":{"line":303,"column":81},"skip":true}]},"25":{"line":306,"type":"if","locations":[{"start":{"line":306,"column":8},"end":{"line":306,"column":8},"skip":true},{"start":{"line":306,"column":8},"end":{"line":306,"column":8},"skip":true}]},"26":{"line":310,"type":"if","locations":[{"start":{"line":310,"column":8},"end":{"line":310,"column":8},"skip":true},{"start":{"line":310,"column":8},"end":{"line":310,"column":8},"skip":true}]},"27":{"line":313,"type":"binary-expr","locations":[{"start":{"line":313,"column":27},"end":{"line":313,"column":43},"skip":true},{"start":{"line":313,"column":47},"end":{"line":313,"column":53},"skip":true}]},"28":{"line":317,"type":"if","locations":[{"start":{"line":317,"column":12},"end":{"line":317,"column":12},"skip":true},{"start":{"line":317,"column":12},"end":{"line":317,"column":12},"skip":true}]}},"code":["/*","example.js","","quickstart example","","instruction","    1. save this script as example.js","    2. run the shell command:","        $ npm install npmtest-fortune && PORT=8081 node example.js","    3. play with the browser-demo on http://127.0.0.1:8081","*/","","","","/* istanbul instrument in package npmtest_fortune */","/*jslint","    bitwise: true,","    browser: true,","    maxerr: 8,","    maxlen: 96,","    node: true,","    nomen: true,","    regexp: true,","    stupid: true","*/","(function () {","    'use strict';","    var local;","","","","    // run shared js-env code - pre-init","    (function () {","        // init local","        local = {};","        // init modeJs","        local.modeJs = (function () {","            try {","                return typeof navigator.userAgent === 'string' &&","                    typeof document.querySelector('body') === 'object' &&","                    typeof XMLHttpRequest.prototype.open === 'function' &&","                    'browser';","            } catch (errorCaughtBrowser) {","                return module.exports &&","                    typeof process.versions.node === 'string' &&","                    typeof require('http').createServer === 'function' &&","                    'node';","            }","        }());","        // init global","        local.global = local.modeJs === 'browser'","            ? window","            : global;","        // init utility2_rollup","        local = local.global.utility2_rollup || (local.modeJs === 'browser'","            ? local.global.utility2_npmtest_fortune","            : global.utility2_moduleExports);","        // export local","        local.global.local = local;","    }());","    switch (local.modeJs) {","","","","    // post-init","    // run browser js-env code - post-init","    /* istanbul ignore next */","    case 'browser':","        local.testRunBrowser = function (event) {","            if (!event || (event &&","                    event.currentTarget &&","                    event.currentTarget.className &&","                    event.currentTarget.className.includes &&","                    event.currentTarget.className.includes('onreset'))) {","                // reset output","                Array.from(","                    document.querySelectorAll('body > .resettable')","                ).forEach(function (element) {","                    switch (element.tagName) {","                    case 'INPUT':","                    case 'TEXTAREA':","                        element.value = '';","                        break;","                    default:","                        element.textContent = '';","                    }","                });","            }","            switch (event && event.currentTarget && event.currentTarget.id) {","            case 'testRunButton1':","                // show tests","                if (document.querySelector('#testReportDiv1').style.display === 'none') {","                    document.querySelector('#testReportDiv1').style.display = 'block';","                    document.querySelector('#testRunButton1').textContent =","                        'hide internal test';","                    local.modeTest = true;","                    local.testRunDefault(local);","                // hide tests","                } else {","                    document.querySelector('#testReportDiv1').style.display = 'none';","                    document.querySelector('#testRunButton1').textContent = 'run internal test';","                }","                break;","            // custom-case","            default:","                break;","            }","            if (document.querySelector('#inputTextareaEval1') && (!event || (event &&","                    event.currentTarget &&","                    event.currentTarget.className &&","                    event.currentTarget.className.includes &&","                    event.currentTarget.className.includes('oneval')))) {","                // try to eval input-code","                try {","                    /*jslint evil: true*/","                    eval(document.querySelector('#inputTextareaEval1').value);","                } catch (errorCaught) {","                    console.error(errorCaught);","                }","            }","        };","        // log stderr and stdout to #outputTextareaStdout1","        ['error', 'log'].forEach(function (key) {","            console[key + '_original'] = console[key];","            console[key] = function () {","                var element;","                console[key + '_original'].apply(console, arguments);","                element = document.querySelector('#outputTextareaStdout1');","                if (!element) {","                    return;","                }","                // append text to #outputTextareaStdout1","                element.value += Array.from(arguments).map(function (arg) {","                    return typeof arg === 'string'","                        ? arg","                        : JSON.stringify(arg, null, 4);","                }).join(' ') + '\\n';","                // scroll textarea to bottom","                element.scrollTop = element.scrollHeight;","            };","        });","        // init event-handling","        ['change', 'click', 'keyup'].forEach(function (event) {","            Array.from(document.querySelectorAll('.on' + event)).forEach(function (element) {","                element.addEventListener(event, local.testRunBrowser);","            });","        });","        // run tests","        local.testRunBrowser();","        break;","","","","    // run node js-env code - post-init","    /* istanbul ignore next */","    case 'node':","        // export local","        module.exports = local;","        // require modules","        local.fs = require('fs');","        local.http = require('http');","        local.url = require('url');","        // init assets","        local.assetsDict = local.assetsDict || {};","        /* jslint-ignore-begin */","        local.assetsDict['/assets.index.template.html'] = '\\","<!doctype html>\\n\\","<html lang=\"en\">\\n\\","<head>\\n\\","<meta charset=\"UTF-8\">\\n\\","<meta name=\"viewport\" content=\"width=device-width, initial-scale=1\">\\n\\","<title>{{env.npm_package_name}} (v{{env.npm_package_version}})</title>\\n\\","<style>\\n\\","/*csslint\\n\\","    box-sizing: false,\\n\\","    universal-selector: false\\n\\","*/\\n\\","* {\\n\\","    box-sizing: border-box;\\n\\","}\\n\\","body {\\n\\","    background: #dde;\\n\\","    font-family: Arial, Helvetica, sans-serif;\\n\\","    margin: 2rem;\\n\\","}\\n\\","body > * {\\n\\","    margin-bottom: 1rem;\\n\\","}\\n\\",".utility2FooterDiv {\\n\\","    margin-top: 20px;\\n\\","    text-align: center;\\n\\","}\\n\\","</style>\\n\\","<style>\\n\\","/*csslint\\n\\","*/\\n\\","textarea {\\n\\","    font-family: monospace;\\n\\","    height: 10rem;\\n\\","    width: 100%;\\n\\","}\\n\\","textarea[readonly] {\\n\\","    background: #ddd;\\n\\","}\\n\\","</style>\\n\\","</head>\\n\\","<body>\\n\\","<!-- utility2-comment\\n\\","<div id=\"ajaxProgressDiv1\" style=\"background: #d00; height: 2px; left: 0; margin: 0; padding: 0; position: fixed; top: 0; transition: background 0.5s, width 1.5s; width: 25%;\"></div>\\n\\","utility2-comment -->\\n\\","<h1>\\n\\","<!-- utility2-comment\\n\\","    <a\\n\\","        {{#if env.npm_package_homepage}}\\n\\","        href=\"{{env.npm_package_homepage}}\"\\n\\","        {{/if env.npm_package_homepage}}\\n\\","        target=\"_blank\"\\n\\","    >\\n\\","utility2-comment -->\\n\\","        {{env.npm_package_name}} (v{{env.npm_package_version}})\\n\\","<!-- utility2-comment\\n\\","    </a>\\n\\","utility2-comment -->\\n\\","</h1>\\n\\","<h3>{{env.npm_package_description}}</h3>\\n\\","<!-- utility2-comment\\n\\","<h4><a download href=\"assets.app.js\">download standalone app</a></h4>\\n\\","<button class=\"onclick onreset\" id=\"testRunButton1\">run internal test</button><br>\\n\\","<div id=\"testReportDiv1\" style=\"display: none;\"></div>\\n\\","utility2-comment -->\\n\\","\\n\\","\\n\\","\\n\\","<label>stderr and stdout</label>\\n\\","<textarea class=\"resettable\" id=\"outputTextareaStdout1\" readonly></textarea>\\n\\","<!-- utility2-comment\\n\\","{{#if isRollup}}\\n\\","<script src=\"assets.app.js\"></script>\\n\\","{{#unless isRollup}}\\n\\","utility2-comment -->\\n\\","<script src=\"assets.utility2.rollup.js\"></script>\\n\\","<script src=\"jsonp.utility2._stateInit?callback=window.utility2._stateInit\"></script>\\n\\","<script src=\"assets.npmtest_fortune.rollup.js\"></script>\\n\\","<script src=\"assets.example.js\"></script>\\n\\","<script src=\"assets.test.js\"></script>\\n\\","<!-- utility2-comment\\n\\","{{/if isRollup}}\\n\\","utility2-comment -->\\n\\","<div class=\"utility2FooterDiv\">\\n\\","    [ this app was created with\\n\\","    <a href=\"https://github.com/kaizhu256/node-utility2\" target=\"_blank\">utility2</a>\\n\\","    ]\\n\\","</div>\\n\\","</body>\\n\\","</html>\\n\\","';","        /* jslint-ignore-end */","        if (local.templateRender) {","            local.assetsDict['/'] = local.templateRender(","                local.assetsDict['/assets.index.template.html'],","                {","                    env: local.objectSetDefault(local.env, {","                        npm_package_description: 'the greatest app in the world!',","                        npm_package_name: 'my-app',","                        npm_package_nameAlias: 'my_app',","                        npm_package_version: '0.0.1'","                    })","                }","            );","        } else {","            local.assetsDict['/'] = local.assetsDict['/assets.index.template.html']","                .replace((/\\{\\{env\\.(\\w+?)\\}\\}/g), function (match0, match1) {","                    // jslint-hack","                    String(match0);","                    switch (match1) {","                    case 'npm_package_description':","                        return 'the greatest app in the world!';","                    case 'npm_package_name':","                        return 'my-app';","                    case 'npm_package_nameAlias':","                        return 'my_app';","                    case 'npm_package_version':","                        return '0.0.1';","                    }","                });","        }","        // run the cli","        if (local.global.utility2_rollup || module !== require.main) {","            break;","        }","        local.assetsDict['/assets.example.js'] =","            local.assetsDict['/assets.example.js'] ||","            local.fs.readFileSync(__filename, 'utf8');","        // bug-workaround - long $npm_package_buildCustomOrg","        /* jslint-ignore-begin */","        local.assetsDict['/assets.npmtest_fortune.rollup.js'] =","            local.assetsDict['/assets.npmtest_fortune.rollup.js'] ||","            local.fs.readFileSync(","                local.npmtest_fortune.__dirname + '/lib.npmtest_fortune.js',","                'utf8'","            ).replace((/^#!/), '//');","        /* jslint-ignore-end */","        local.assetsDict['/favicon.ico'] = local.assetsDict['/favicon.ico'] || '';","        // if $npm_config_timeout_exit exists,","        // then exit this process after $npm_config_timeout_exit ms","        if (Number(process.env.npm_config_timeout_exit)) {","            setTimeout(process.exit, Number(process.env.npm_config_timeout_exit));","        }","        // start server","        if (local.global.utility2_serverHttp1) {","            break;","        }","        process.env.PORT = process.env.PORT || '8081';","        console.error('server starting on port ' + process.env.PORT);","        local.http.createServer(function (request, response) {","            request.urlParsed = local.url.parse(request.url);","            if (local.assetsDict[request.urlParsed.pathname] !== undefined) {","                response.end(local.assetsDict[request.urlParsed.pathname]);","                return;","            }","            response.statusCode = 404;","            response.end();","        }).listen(process.env.PORT);","        break;","    }","}());",""],"l":{"26":2,"28":2,"33":2,"35":2,"37":2,"38":2,"39":2,"44":1,"51":2,"55":2,"59":2,"61":2,"69":1,"70":2,"76":2,"79":2,"82":2,"83":2,"85":1,"89":2,"92":1,"93":1,"94":1,"96":1,"97":1,"100":1,"101":1,"103":1,"106":1,"108":2,"114":1,"116":1,"118":1,"123":1,"124":2,"125":2,"126":3,"127":3,"128":3,"129":3,"130":1,"133":3,"134":3,"139":3,"143":1,"144":3,"145":1,"149":1,"150":1,"158":1,"160":1,"161":1,"162":1,"164":1,"166":1,"258":1,"259":1,"271":1,"274":6,"275":6,"277":1,"279":2,"281":1,"283":2,"288":1,"289":1,"291":1,"296":1,"303":1,"306":1,"307":1,"310":1,"311":1,"313":1,"314":1,"315":1,"316":1,"317":1,"318":1,"319":1,"321":1,"322":1,"324":1}},"/home/travis/build/npmtest/node-npmtest-fortune/node_modules/fortune/lib/index.js":{"path":"/home/travis/build/npmtest/node-npmtest-fortune/node_modules/fortune/lib/index.js","s":{"1":1,"2":1,"3":1,"4":1,"5":1,"6":1,"7":1,"8":1,"9":1,"10":1,"11":1,"12":1,"13":1,"14":1,"15":0,"16":0,"17":0,"18":1,"19":1,"20":0,"21":0,"22":0,"23":0,"24":0,"25":0,"26":0,"27":0,"28":0,"29":0,"30":0,"31":0,"32":0,"33":0,"34":0,"35":0,"36":0,"37":0,"38":0,"39":0,"40":0,"41":0,"42":0,"43":0,"44":0,"45":0,"46":0,"47":0,"48":0,"49":0,"50":0,"51":0,"52":0,"53":0,"54":0,"55":1,"56":0,"57":0,"58":0,"59":0,"60":0,"61":0,"62":0,"63":0,"64":0,"65":0,"66":0,"67":0,"68":0,"69":1,"70":0,"71":0,"72":0,"73":0,"74":0,"75":0,"76":0,"77":0,"78":0,"79":0,"80":1,"81":0,"82":0,"83":0,"84":0,"85":0,"86":0,"87":1,"88":0,"89":0,"90":0,"91":0,"92":0,"93":0,"94":1,"95":0,"96":0,"97":0,"98":0,"99":0,"100":0,"101":0,"102":0,"103":1,"104":0,"105":0,"106":0,"107":0,"108":0,"109":0,"110":0,"111":0,"112":0,"113":0,"114":0,"115":0,"116":0,"117":0,"118":0,"119":0,"120":1,"121":0,"122":0,"123":0,"124":0,"125":0,"126":0,"127":0,"128":0,"129":0,"130":0,"131":0,"132":0,"133":0,"134":1,"135":1,"136":1,"137":2,"138":0,"139":1,"140":0,"141":0,"142":1},"b":{"1":[0,0],"2":[0,0],"3":[0,0],"4":[0,0],"5":[0,0],"6":[0,0],"7":[0,0],"8":[0,0],"9":[0,0],"10":[0,0],"11":[0,0],"12":[0,0],"13":[0,0],"14":[0,0],"15":[0,0],"16":[0,0],"17":[0,0],"18":[0,0],"19":[0,0],"20":[0,0],"21":[0,0],"22":[0,0],"23":[0,0],"24":[0,0],"25":[0,0],"26":[0,0],"27":[0,0],"28":[0,0],"29":[0,0],"30":[0,0],"31":[0,0]},"f":{"1":0,"2":0,"3":0,"4":0,"5":0,"6":0,"7":0,"8":0,"9":0,"10":0,"11":0,"12":0,"13":0,"14":0,"15":0,"16":0,"17":0,"18":0,"19":0,"20":2,"21":0,"22":0,"23":0},"fnMap":{"1":{"name":"Fortune","line":40,"loc":{"start":{"line":40,"column":0},"end":{"line":40,"column":40}}},"2":{"name":"Fortune","line":244,"loc":{"start":{"line":244,"column":32},"end":{"line":244,"column":72}}},"3":{"name":"(anonymous_3)","line":367,"loc":{"start":{"line":367,"column":28},"end":{"line":367,"column":47}}},"4":{"name":"(anonymous_4)","line":374,"loc":{"start":{"line":374,"column":10},"end":{"line":374,"column":22}}},"5":{"name":"(anonymous_5)","line":377,"loc":{"start":{"line":377,"column":23},"end":{"line":377,"column":50}}},"6":{"name":"(anonymous_6)","line":379,"loc":{"start":{"line":379,"column":32},"end":{"line":379,"column":44}}},"7":{"name":"(anonymous_7)","line":382,"loc":{"start":{"line":382,"column":32},"end":{"line":382,"column":44}}},"8":{"name":"(anonymous_8)","line":403,"loc":{"start":{"line":403,"column":25},"end":{"line":403,"column":70}}},"9":{"name":"(anonymous_9)","line":426,"loc":{"start":{"line":426,"column":27},"end":{"line":426,"column":67}}},"10":{"name":"(anonymous_10)","line":449,"loc":{"start":{"line":449,"column":27},"end":{"line":449,"column":67}}},"11":{"name":"(anonymous_11)","line":471,"loc":{"start":{"line":471,"column":27},"end":{"line":471,"column":63}}},"12":{"name":"(anonymous_12)","line":490,"loc":{"start":{"line":490,"column":28},"end":{"line":490,"column":40}}},"13":{"name":"(anonymous_13)","line":502,"loc":{"start":{"line":502,"column":21},"end":{"line":502,"column":48}}},"14":{"name":"(anonymous_14)","line":509,"loc":{"start":{"line":509,"column":32},"end":{"line":509,"column":44}}},"15":{"name":"(anonymous_15)","line":513,"loc":{"start":{"line":513,"column":7},"end":{"line":513,"column":24}}},"16":{"name":"(anonymous_16)","line":528,"loc":{"start":{"line":528,"column":31},"end":{"line":528,"column":43}}},"17":{"name":"(anonymous_17)","line":537,"loc":{"start":{"line":537,"column":21},"end":{"line":537,"column":48}}},"18":{"name":"(anonymous_18)","line":538,"loc":{"start":{"line":538,"column":42},"end":{"line":538,"column":54}}},"19":{"name":"(anonymous_19)","line":542,"loc":{"start":{"line":542,"column":7},"end":{"line":542,"column":24}}},"20":{"name":"(anonymous_20)","line":572,"loc":{"start":{"line":572,"column":7},"end":{"line":572,"column":19}}},"21":{"name":"(anonymous_21)","line":575,"loc":{"start":{"line":575,"column":7},"end":{"line":575,"column":24}}},"22":{"name":"bindMiddleware","line":582,"loc":{"start":{"line":582,"column":0},"end":{"line":582,"column":40}}},"23":{"name":"(anonymous_23)","line":583,"loc":{"start":{"line":583,"column":9},"end":{"line":583,"column":22}}}},"statementMap":{"1":{"start":{"line":3,"column":0},"end":{"line":3,"column":37}},"2":{"start":{"line":6,"column":0},"end":{"line":6,"column":56}},"3":{"start":{"line":7,"column":0},"end":{"line":7,"column":53}},"4":{"start":{"line":8,"column":0},"end":{"line":8,"column":48}},"5":{"start":{"line":9,"column":0},"end":{"line":9,"column":55}},"6":{"start":{"line":10,"column":0},"end":{"line":10,"column":41}},"7":{"start":{"line":11,"column":0},"end":{"line":11,"column":36}},"8":{"start":{"line":12,"column":0},"end":{"line":12,"column":38}},"9":{"start":{"line":15,"column":0},"end":{"line":15,"column":34}},"10":{"start":{"line":16,"column":0},"end":{"line":16,"column":32}},"11":{"start":{"line":17,"column":0},"end":{"line":17,"column":26}},"12":{"start":{"line":18,"column":0},"end":{"line":18,"column":28}},"13":{"start":{"line":19,"column":0},"end":{"line":19,"column":26}},"14":{"start":{"line":40,"column":0},"end":{"line":45,"column":1}},"15":{"start":{"line":41,"column":2},"end":{"line":42,"column":44}},"16":{"start":{"line":42,"column":4},"end":{"line":42,"column":44}},"17":{"start":{"line":44,"column":2},"end":{"line":44,"column":40}},"18":{"start":{"line":49,"column":0},"end":{"line":49,"column":35}},"19":{"start":{"line":244,"column":0},"end":{"line":318,"column":1}},"20":{"start":{"line":245,"column":2},"end":{"line":245,"column":17}},"21":{"start":{"line":246,"column":2},"end":{"line":246,"column":22}},"22":{"start":{"line":247,"column":2},"end":{"line":247,"column":54}},"23":{"start":{"line":249,"column":2},"end":{"line":249,"column":46}},"24":{"start":{"line":249,"column":30},"end":{"line":249,"column":46}},"25":{"start":{"line":250,"column":2},"end":{"line":250,"column":38}},"26":{"start":{"line":250,"column":26},"end":{"line":250,"column":38}},"27":{"start":{"line":252,"column":2},"end":{"line":252,"column":75}},"28":{"start":{"line":252,"column":31},"end":{"line":252,"column":75}},"29":{"start":{"line":253,"column":2},"end":{"line":253,"column":53}},"30":{"start":{"line":253,"column":32},"end":{"line":253,"column":53}},"31":{"start":{"line":254,"column":2},"end":{"line":254,"column":47}},"32":{"start":{"line":254,"column":29},"end":{"line":254,"column":47}},"33":{"start":{"line":255,"column":2},"end":{"line":256,"column":40}},"34":{"start":{"line":256,"column":4},"end":{"line":256,"column":40}},"35":{"start":{"line":259,"column":2},"end":{"line":259,"column":12}},"36":{"start":{"line":260,"column":2},"end":{"line":267,"column":3}},"37":{"start":{"line":261,"column":4},"end":{"line":261,"column":73}},"38":{"start":{"line":263,"column":4},"end":{"line":264,"column":47}},"39":{"start":{"line":264,"column":6},"end":{"line":264,"column":47}},"40":{"start":{"line":266,"column":4},"end":{"line":266,"column":34}},"41":{"start":{"line":269,"column":2},"end":{"line":269,"column":23}},"42":{"start":{"line":272,"column":2},"end":{"line":279,"column":3}},"43":{"start":{"line":273,"column":4},"end":{"line":275,"column":30}},"44":{"start":{"line":273,"column":43},"end":{"line":275,"column":30}},"45":{"start":{"line":276,"column":4},"end":{"line":278,"column":28}},"46":{"start":{"line":277,"column":6},"end":{"line":278,"column":28}},"47":{"start":{"line":282,"column":2},"end":{"line":289,"column":3}},"48":{"start":{"line":283,"column":4},"end":{"line":285,"column":42}},"49":{"start":{"line":284,"column":6},"end":{"line":285,"column":42}},"50":{"start":{"line":287,"column":4},"end":{"line":287,"column":31}},"51":{"start":{"line":288,"column":4},"end":{"line":288,"column":53}},"52":{"start":{"line":288,"column":37},"end":{"line":288,"column":53}},"53":{"start":{"line":296,"column":2},"end":{"line":300,"column":4}},"54":{"start":{"line":303,"column":2},"end":{"line":317,"column":4}},"55":{"start":{"line":367,"column":0},"end":{"line":388,"column":1}},"56":{"start":{"line":368,"column":2},"end":{"line":368,"column":17}},"57":{"start":{"line":369,"column":2},"end":{"line":369,"column":46}},"58":{"start":{"line":370,"column":2},"end":{"line":370,"column":31}},"59":{"start":{"line":372,"column":2},"end":{"line":385,"column":6}},"60":{"start":{"line":373,"column":4},"end":{"line":374,"column":62}},"61":{"start":{"line":374,"column":24},"end":{"line":374,"column":60}},"62":{"start":{"line":376,"column":7},"end":{"line":385,"column":6}},"63":{"start":{"line":377,"column":4},"end":{"line":385,"column":6}},"64":{"start":{"line":379,"column":6},"end":{"line":381,"column":8}},"65":{"start":{"line":380,"column":8},"end":{"line":380,"column":47}},"66":{"start":{"line":382,"column":6},"end":{"line":384,"column":8}},"67":{"start":{"line":383,"column":8},"end":{"line":383,"column":45}},"68":{"start":{"line":387,"column":2},"end":{"line":387,"column":37}},"69":{"start":{"line":403,"column":0},"end":{"line":412,"column":1}},"70":{"start":{"line":404,"column":2},"end":{"line":404,"column":48}},"71":{"start":{"line":406,"column":2},"end":{"line":406,"column":55}},"72":{"start":{"line":406,"column":11},"end":{"line":406,"column":55}},"73":{"start":{"line":407,"column":2},"end":{"line":407,"column":36}},"74":{"start":{"line":407,"column":15},"end":{"line":407,"column":36}},"75":{"start":{"line":408,"column":2},"end":{"line":408,"column":36}},"76":{"start":{"line":408,"column":15},"end":{"line":408,"column":36}},"77":{"start":{"line":409,"column":2},"end":{"line":409,"column":27}},"78":{"start":{"line":409,"column":12},"end":{"line":409,"column":27}},"79":{"start":{"line":411,"column":2},"end":{"line":411,"column":26}},"80":{"start":{"line":426,"column":0},"end":{"line":434,"column":1}},"81":{"start":{"line":427,"column":2},"end":{"line":428,"column":61}},"82":{"start":{"line":430,"column":2},"end":{"line":430,"column":40}},"83":{"start":{"line":430,"column":15},"end":{"line":430,"column":40}},"84":{"start":{"line":431,"column":2},"end":{"line":431,"column":31}},"85":{"start":{"line":431,"column":12},"end":{"line":431,"column":31}},"86":{"start":{"line":433,"column":2},"end":{"line":433,"column":30}},"87":{"start":{"line":449,"column":0},"end":{"line":457,"column":1}},"88":{"start":{"line":450,"column":2},"end":{"line":451,"column":61}},"89":{"start":{"line":453,"column":2},"end":{"line":453,"column":40}},"90":{"start":{"line":453,"column":15},"end":{"line":453,"column":40}},"91":{"start":{"line":454,"column":2},"end":{"line":454,"column":31}},"92":{"start":{"line":454,"column":12},"end":{"line":454,"column":31}},"93":{"start":{"line":456,"column":2},"end":{"line":456,"column":30}},"94":{"start":{"line":471,"column":0},"end":{"line":479,"column":1}},"95":{"start":{"line":472,"column":2},"end":{"line":472,"column":54}},"96":{"start":{"line":474,"column":2},"end":{"line":474,"column":59}},"97":{"start":{"line":474,"column":11},"end":{"line":474,"column":59}},"98":{"start":{"line":475,"column":2},"end":{"line":475,"column":40}},"99":{"start":{"line":475,"column":15},"end":{"line":475,"column":40}},"100":{"start":{"line":476,"column":2},"end":{"line":476,"column":31}},"101":{"start":{"line":476,"column":12},"end":{"line":476,"column":31}},"102":{"start":{"line":478,"column":2},"end":{"line":478,"column":30}},"103":{"start":{"line":490,"column":0},"end":{"line":519,"column":1}},"104":{"start":{"line":491,"column":2},"end":{"line":491,"column":17}},"105":{"start":{"line":492,"column":2},"end":{"line":492,"column":31}},"106":{"start":{"line":494,"column":2},"end":{"line":498,"column":67}},"107":{"start":{"line":495,"column":4},"end":{"line":495,"column":66}},"108":{"start":{"line":497,"column":7},"end":{"line":498,"column":67}},"109":{"start":{"line":498,"column":4},"end":{"line":498,"column":67}},"110":{"start":{"line":500,"column":2},"end":{"line":500,"column":27}},"111":{"start":{"line":502,"column":2},"end":{"line":518,"column":4}},"112":{"start":{"line":503,"column":4},"end":{"line":507,"column":6}},"113":{"start":{"line":509,"column":4},"end":{"line":517,"column":6}},"114":{"start":{"line":510,"column":6},"end":{"line":510,"column":31}},"115":{"start":{"line":511,"column":6},"end":{"line":511,"column":31}},"116":{"start":{"line":512,"column":6},"end":{"line":512,"column":26}},"117":{"start":{"line":514,"column":6},"end":{"line":514,"column":31}},"118":{"start":{"line":515,"column":6},"end":{"line":515,"column":31}},"119":{"start":{"line":516,"column":6},"end":{"line":516,"column":26}},"120":{"start":{"line":528,"column":0},"end":{"line":548,"column":1}},"121":{"start":{"line":529,"column":2},"end":{"line":529,"column":17}},"122":{"start":{"line":530,"column":2},"end":{"line":530,"column":31}},"123":{"start":{"line":532,"column":2},"end":{"line":533,"column":72}},"124":{"start":{"line":533,"column":4},"end":{"line":533,"column":72}},"125":{"start":{"line":535,"column":2},"end":{"line":535,"column":27}},"126":{"start":{"line":537,"column":2},"end":{"line":547,"column":4}},"127":{"start":{"line":538,"column":4},"end":{"line":546,"column":6}},"128":{"start":{"line":539,"column":6},"end":{"line":539,"column":31}},"129":{"start":{"line":540,"column":6},"end":{"line":540,"column":34}},"130":{"start":{"line":541,"column":6},"end":{"line":541,"column":26}},"131":{"start":{"line":543,"column":6},"end":{"line":543,"column":31}},"132":{"start":{"line":544,"column":6},"end":{"line":544,"column":31}},"133":{"start":{"line":545,"column":6},"end":{"line":545,"column":26}},"134":{"start":{"line":553,"column":0},"end":{"line":553,"column":33}},"135":{"start":{"line":557,"column":0},"end":{"line":566,"column":2}},"136":{"start":{"line":570,"column":0},"end":{"line":578,"column":2}},"137":{"start":{"line":573,"column":4},"end":{"line":573,"column":26}},"138":{"start":{"line":576,"column":4},"end":{"line":576,"column":27}},"139":{"start":{"line":582,"column":0},"end":{"line":586,"column":1}},"140":{"start":{"line":583,"column":2},"end":{"line":585,"column":3}},"141":{"start":{"line":584,"column":4},"end":{"line":584,"column":32}},"142":{"start":{"line":589,"column":0},"end":{"line":589,"column":24}}},"branchMap":{"1":{"line":41,"type":"if","locations":[{"start":{"line":41,"column":2},"end":{"line":41,"column":2}},{"start":{"line":41,"column":2},"end":{"line":41,"column":2}}]},"2":{"line":249,"type":"if","locations":[{"start":{"line":249,"column":2},"end":{"line":249,"column":2}},{"start":{"line":249,"column":2},"end":{"line":249,"column":2}}]},"3":{"line":250,"type":"if","locations":[{"start":{"line":250,"column":2},"end":{"line":250,"column":2}},{"start":{"line":250,"column":2},"end":{"line":250,"column":2}}]},"4":{"line":252,"type":"if","locations":[{"start":{"line":252,"column":2},"end":{"line":252,"column":2}},{"start":{"line":252,"column":2},"end":{"line":252,"column":2}}]},"5":{"line":253,"type":"if","locations":[{"start":{"line":253,"column":2},"end":{"line":253,"column":2}},{"start":{"line":253,"column":2},"end":{"line":253,"column":2}}]},"6":{"line":254,"type":"if","locations":[{"start":{"line":254,"column":2},"end":{"line":254,"column":2}},{"start":{"line":254,"column":2},"end":{"line":254,"column":2}}]},"7":{"line":255,"type":"if","locations":[{"start":{"line":255,"column":2},"end":{"line":255,"column":2}},{"start":{"line":255,"column":2},"end":{"line":255,"column":2}}]},"8":{"line":273,"type":"if","locations":[{"start":{"line":273,"column":4},"end":{"line":273,"column":4}},{"start":{"line":273,"column":4},"end":{"line":273,"column":4}}]},"9":{"line":276,"type":"if","locations":[{"start":{"line":276,"column":4},"end":{"line":276,"column":4}},{"start":{"line":276,"column":4},"end":{"line":276,"column":4}}]},"10":{"line":283,"type":"if","locations":[{"start":{"line":283,"column":4},"end":{"line":283,"column":4}},{"start":{"line":283,"column":4},"end":{"line":283,"column":4}}]},"11":{"line":288,"type":"if","locations":[{"start":{"line":288,"column":4},"end":{"line":288,"column":4}},{"start":{"line":288,"column":4},"end":{"line":288,"column":4}}]},"12":{"line":372,"type":"if","locations":[{"start":{"line":372,"column":2},"end":{"line":372,"column":2}},{"start":{"line":372,"column":2},"end":{"line":372,"column":2}}]},"13":{"line":376,"type":"if","locations":[{"start":{"line":376,"column":7},"end":{"line":376,"column":7}},{"start":{"line":376,"column":7},"end":{"line":376,"column":7}}]},"14":{"line":406,"type":"if","locations":[{"start":{"line":406,"column":2},"end":{"line":406,"column":2}},{"start":{"line":406,"column":2},"end":{"line":406,"column":2}}]},"15":{"line":406,"type":"cond-expr","locations":[{"start":{"line":406,"column":42},"end":{"line":406,"column":45}},{"start":{"line":406,"column":48},"end":{"line":406,"column":55}}]},"16":{"line":407,"type":"if","locations":[{"start":{"line":407,"column":2},"end":{"line":407,"column":2}},{"start":{"line":407,"column":2},"end":{"line":407,"column":2}}]},"17":{"line":408,"type":"if","locations":[{"start":{"line":408,"column":2},"end":{"line":408,"column":2}},{"start":{"line":408,"column":2},"end":{"line":408,"column":2}}]},"18":{"line":409,"type":"if","locations":[{"start":{"line":409,"column":2},"end":{"line":409,"column":2}},{"start":{"line":409,"column":2},"end":{"line":409,"column":2}}]},"19":{"line":428,"type":"cond-expr","locations":[{"start":{"line":428,"column":38},"end":{"line":428,"column":45}},{"start":{"line":428,"column":48},"end":{"line":428,"column":59}}]},"20":{"line":430,"type":"if","locations":[{"start":{"line":430,"column":2},"end":{"line":430,"column":2}},{"start":{"line":430,"column":2},"end":{"line":430,"column":2}}]},"21":{"line":431,"type":"if","locations":[{"start":{"line":431,"column":2},"end":{"line":431,"column":2}},{"start":{"line":431,"column":2},"end":{"line":431,"column":2}}]},"22":{"line":451,"type":"cond-expr","locations":[{"start":{"line":451,"column":38},"end":{"line":451,"column":45}},{"start":{"line":451,"column":48},"end":{"line":451,"column":59}}]},"23":{"line":453,"type":"if","locations":[{"start":{"line":453,"column":2},"end":{"line":453,"column":2}},{"start":{"line":453,"column":2},"end":{"line":453,"column":2}}]},"24":{"line":454,"type":"if","locations":[{"start":{"line":454,"column":2},"end":{"line":454,"column":2}},{"start":{"line":454,"column":2},"end":{"line":454,"column":2}}]},"25":{"line":474,"type":"if","locations":[{"start":{"line":474,"column":2},"end":{"line":474,"column":2}},{"start":{"line":474,"column":2},"end":{"line":474,"column":2}}]},"26":{"line":474,"type":"cond-expr","locations":[{"start":{"line":474,"column":46},"end":{"line":474,"column":49}},{"start":{"line":474,"column":52},"end":{"line":474,"column":59}}]},"27":{"line":475,"type":"if","locations":[{"start":{"line":475,"column":2},"end":{"line":475,"column":2}},{"start":{"line":475,"column":2},"end":{"line":475,"column":2}}]},"28":{"line":476,"type":"if","locations":[{"start":{"line":476,"column":2},"end":{"line":476,"column":2}},{"start":{"line":476,"column":2},"end":{"line":476,"column":2}}]},"29":{"line":494,"type":"if","locations":[{"start":{"line":494,"column":2},"end":{"line":494,"column":2}},{"start":{"line":494,"column":2},"end":{"line":494,"column":2}}]},"30":{"line":497,"type":"if","locations":[{"start":{"line":497,"column":7},"end":{"line":497,"column":7}},{"start":{"line":497,"column":7},"end":{"line":497,"column":7}}]},"31":{"line":532,"type":"if","locations":[{"start":{"line":532,"column":2},"end":{"line":532,"column":2}},{"start":{"line":532,"column":2},"end":{"line":532,"column":2}}]}},"code":["'use strict'","","var EventLite = require('event-lite')","","// Local modules.","var memoryAdapter = require('./adapter/adapters/memory')","var AdapterSingleton = require('./adapter/singleton')","var validate = require('./record_type/validate')","var ensureTypes = require('./record_type/ensure_types')","var promise = require('./common/promise')","var dispatch = require('./dispatch')","var middlewares = dispatch.middlewares","","// Static re-exports.","var Adapter = require('./adapter')","var common = require('./common')","var assign = common.assign","var methods = common.methods","var events = common.events","","","/**"," * This is the default export of the `fortune` package. It implements a"," * [subset of `EventEmitter`](https://www.npmjs.com/package/event-lite), and it"," * has a few static properties attached to it that may be useful to access:"," *"," * - `Adapter`: abstract base class for the Adapter."," * - `adapters`: included adapters, defaults to memory adapter."," * - `errors`: custom error types, useful for throwing errors in I/O hooks."," * - `methods`: a hash that maps to string constants. Available are: `find`,"," *   `create`, `update`, and `delete`."," * - `events`: names for events on the Fortune instance. Available are:"," *   `change`, `sync`, `connect`, `disconnect`, `failure`."," * - `message`: a function which accepts the arguments (`id`, `language`,"," *   `data`). It has properties keyed by two-letter language codes, which by"," *   default includes only `en`."," * - `Promise`: assign this to set the Promise implementation that Fortune"," *   will use."," */","function Fortune (recordTypes, options) {","  if (!(this instanceof Fortune))","    return new Fortune(recordTypes, options)","","  this.constructor(recordTypes, options)","}","","","// Inherit from EventLite class.","Fortune.prototype = new EventLite()","","","/**"," * Create a new instance, the only required input is record type definitions."," * The first argument must be an object keyed by name, valued by definition"," * objects."," *"," * Here are some example field definitions:"," *"," * ```js"," * {"," *   // Top level keys are names of record types."," *   person: {"," *     // Data types may be singular or plural."," *     name: String, // Singular string value."," *     luckyNumbers: Array(Number), // Array of numbers."," *"," *     // Relationships may be singular or plural. They must specify which"," *     // record type it refers to, and may also specify an inverse field"," *     // which is optional but recommended."," *     pets: [ Array('animal'), 'owner' ], // Has many."," *     employer: [ 'organization', 'employees' ], // Belongs to."," *     likes: Array('thing'), // Has many (no inverse)."," *     doing: 'activity', // Belongs to (no inverse)."," *"," *     // Reflexive relationships are relationships in which the record type,"," *     // the first position, is of the same type."," *     following: [ Array('person'), 'followers' ],"," *     followers: [ Array('person'), 'following' ],"," *"," *     // Mutual relationships are relationships in which the inverse,"," *     // the second position, is defined to be the same field on the same"," *     // record type."," *     friends: [ Array('person'), 'friends' ],"," *     spouse: [ 'person', 'spouse' ]"," *   }"," * }"," * ```"," *"," * The above shows the shorthand which will be transformed internally to a"," * more verbose data structure. The internal structure is as follows:"," *"," * ```js"," * {"," *   person: {"," *     // A singular value."," *     name: { type: String },"," *"," *     // An array containing values of a single type."," *     luckyNumbers: { type: Number, isArray: true },"," *"," *     // Creates a to-many link to `animal` record type. If the field `owner`"," *     // on the `animal` record type is not an array, this is a many-to-one"," *     // relationship, otherwise it is many-to-many."," *     pets: { link: 'animal', isArray: true, inverse: 'owner' },"," *"," *     // The `min` and `max` keys are open to interpretation by the specific"," *     // adapter, which may introspect the field definition."," *     thing: { type: Number, min: 0, max: 100 },"," *"," *     // Nested field definitions are invalid. Use `Object` type instead."," *     nested: { thing: { ... } } // Will throw an error."," *   }"," * }"," * ```"," *"," * The allowed native types are `String`, `Number`, `Boolean`, `Date`,"," * `Object`, and `Buffer`. Note that the `Object` type should be a JSON"," * serializable object that may be persisted. The only other allowed type is"," * a `Function`, which may be used to define custom types."," *"," * A custom type function should accept one argument, the value, and return a"," * boolean based on whether the value is valid for the type or not. It may"," * optionally have a method `compare`, used for sorting in the built-in"," * adapters. The `compare` method should have the same signature as the native"," * `Array.prototype.sort`."," *"," * A custom type function must inherit one of the allowed native types. For"," * example:"," *"," * ```js"," * function Integer (x) { return (x | 0) === x }"," * Integer.prototype = new Number()"," * ```"," *"," * The options object may contain the following keys:"," *"," * - `adapter`: configuration array for the adapter. The default type is the"," *   memory adapter. If the value is not an array, its settings will be"," *   considered omitted."," *"," *   ```js"," *   {"," *     adapter: ["," *       // Must be a class that extends `Fortune.Adapter`, or a function"," *       // that accepts the Adapter class and returns a subclass. Required."," *       Adapter => { ... },"," *"," *       // An options object that is specific to the adapter. Optional."," *       { ... }"," *     ]"," *   }"," *   ```"," *"," * - `hooks`: keyed by type name, valued by an array containing an `input`"," *   and/or `output` function at indices `0` and `1` respectively."," *"," *   A hook function takes at least two arguments, the internal `context`"," *   object and a single `record`. A special case is the `update` argument for"," *   the `update` method."," *"," *   There are only two kinds of hooks, before a record is written (input),"," *   and after a record is read (output), both are optional. If an error occurs"," *   within a hook function, it will be forwarded to the response. Use typed"," *   errors to provide the appropriate feedback."," *"," *   For a create request, the input hook may return the second argument"," *   `record` either synchronously, or asynchronously as a Promise. The return"," *   value of a delete request is inconsequential, but it may return a value or"," *   a Promise. The `update` method accepts a `update` object as a third"," *   parameter, which may be returned synchronously or as a Promise."," *"," *   An example hook to apply a timestamp on a record before creation, and"," *   displaying the timestamp in the server's locale:"," *"," *   ```js"," *   {"," *     recordType: ["," *       (context, record, update) => {"," *         switch (context.request.method) {"," *           case 'create':"," *             record.timestamp = new Date()"," *             return record"," *           case 'update': return update"," *           case 'delete': return null"," *         }"," *       },"," *       (context, record) => {"," *         record.timestamp = record.timestamp.toLocaleString()"," *         return record"," *       }"," *     ]"," *   }"," *   ```"," *"," *   Requests to update a record will **NOT** have the updates already applied"," *   to the record."," *"," *   Another feature of the input hook is that it will have access to a"," *   temporary field `context.transaction`. This is useful for ensuring that"," *   bulk write operations are all or nothing. Each request is treated as a"," *   single transaction."," *"," * - `documentation`: an object mapping names to descriptions. Note that there"," *   is only one namepspace, so field names can only have one description."," *   This is optional, but useful for the HTML serializer, which also emits"," *   this information as micro-data."," *"," *   ```js"," *   {"," *     documentation: {"," *       recordType: 'Description of a type.',"," *       fieldName: 'Description of a field.',"," *       anotherFieldName: {"," *         en: 'Two letter language code indicates localized description.'"," *       }"," *     }"," *   }"," *   ```"," *"," * - `settings`: internal settings to configure."," *"," *   ```js"," *   {"," *     settings: {"," *       // Whether or not to enforce referential integrity. Default: `true`"," *       // for server, `false` for browser."," *       enforceLinks: true,"," *"," *       // Name of the application used for display purposes."," *       name: 'My Awesome Application',"," *"," *       // Description of the application used for display purposes."," *       description: 'media type \"application/vnd.micro+json\"'"," *     }"," *   }"," *   ```"," *"," * The return value of the constructor is the instance itself."," *"," * @param {Object} [recordTypes]"," * @param {Object} [options]"," * @return {Fortune}"," */","Fortune.prototype.constructor = function Fortune (recordTypes, options) {","  var self = this","  var plainObject = {}","  var adapter, method, stack, flows, type, hooks, i, j","","  if (recordTypes === void 0) recordTypes = {}","  if (options === void 0) options = {}","","  if (!('adapter' in options)) options.adapter = [ memoryAdapter(Adapter) ]","  if (!('settings' in options)) options.settings = {}","  if (!('hooks' in options)) options.hooks = {}","  if (!('enforceLinks' in options.settings))","    options.settings.enforceLinks = true","","  // Bind middleware methods to instance.","  flows = {}","  for (method in methods) {","    stack = [ middlewares[method], middlewares.include, middlewares.end ]","","    for (i = 0, j = stack.length; i < j; i++)","      stack[i] = bindMiddleware(self, stack[i])","","    flows[methods[method]] = stack","  }","","  hooks = options.hooks","","  // Validate hooks.","  for (type in hooks) {","    if (!recordTypes.hasOwnProperty(type)) throw new Error(","      'Attempted to define hook on \"' + type + '\" type ' +","      'which does not exist.')","    if (!Array.isArray(hooks[type]))","      throw new TypeError('Hook value for \"' + 
[...]
lumn":9}},"91":{"start":{"line":155,"column":10},"end":{"line":155,"column":44}},"92":{"start":{"line":156,"column":10},"end":{"line":156,"column":46}},"93":{"start":{"line":161,"column":6},"end":{"line":162,"column":38}},"94":{"start":{"line":162,"column":8},"end":{"line":162,"column":38}},"95":{"start":{"line":164,"column":6},"end":{"line":164,"column":20}},"96":{"start":{"line":167,"column":4},"end":{"line":171,"column":8}},"97":{"start":{"line":168,"column":6},"end":{"line":171,"column":8}},"98":{"start":{"line":173,"column":4},"end":{"line":173,"column":18}},"99":{"start":{"line":178,"column":0},"end":{"line":182,"column":1}},"100":{"start":{"line":179,"column":2},"end":{"line":181,"column":3}},"101":{"start":{"line":180,"column":4},"end":{"line":180,"column":36}}},"branchMap":{"1":{"line":26,"type":"binary-expr","locations":[{"start":{"line":26,"column":12},"end":{"line":26,"column":23}},{"start":{"line":26,"column":27},"end":{"line":26,"column":29}}]},"2":{"line":41,"type":"if","locations":[{"start":{"line":41,"column":2},"end":{"line":41,"column":2}},{"start":{"line":41,"column":2},"end":{"line":41,"column":2}}]},"3":{"line":41,"type":"binary-expr","locations":[{"start":{"line":41,"column":6},"end":{"line":41,"column":11}},{"start":{"line":41,"column":15},"end":{"line":41,"column":23}},{"start":{"line":41,"column":27},"end":{"line":41,"column":35}}]},"4":{"line":45,"type":"if","locations":[{"start":{"line":45,"column":2},"end":{"line":45,"column":2}},{"start":{"line":45,"column":2},"end":{"line":45,"column":2}}]},"5":{"line":45,"type":"binary-expr","locations":[{"start":{"line":45,"column":6},"end":{"line":45,"column":9}},{"start":{"line":45,"column":13},"end":{"line":45,"column":24}}]},"6":{"line":49,"type":"if","locations":[{"start":{"line":49,"column":6},"end":{"line":49,"column":6}},{"start":{"line":49,"column":6},"end":{"line":49,"column":6}}]},"7":{"line":60,"type":"if","locations":[{"start":{"line":60,"column":8},"end":{"line":60,"column":8}},{"start":{"line":60,"column":8},"end":{"line":60,"column":8}}]},"8":{"line":69,"type":"if","locations":[{"start":{"line":69,"column":8},"end":{"line":69,"column":8}},{"start":{"line":69,"column":8},"end":{"line":69,"column":8}}]},"9":{"line":86,"type":"if","locations":[{"start":{"line":86,"column":12},"end":{"line":86,"column":12}},{"start":{"line":86,"column":12},"end":{"line":86,"column":12}}]},"10":{"line":86,"type":"binary-expr","locations":[{"start":{"line":86,"column":16},"end":{"line":86,"column":28}},{"start":{"line":86,"column":32},"end":{"line":86,"column":45}}]},"11":{"line":87,"type":"if","locations":[{"start":{"line":87,"column":12},"end":{"line":87,"column":12}},{"start":{"line":87,"column":12},"end":{"line":87,"column":12}}]},"12":{"line":93,"type":"cond-expr","locations":[{"start":{"line":94,"column":16},"end":{"line":94,"column":29}},{"start":{"line":94,"column":32},"end":{"line":94,"column":49}}]},"13":{"line":99,"type":"if","locations":[{"start":{"line":99,"column":16},"end":{"line":99,"column":16}},{"start":{"line":99,"column":16},"end":{"line":99,"column":16}}]},"14":{"line":99,"type":"binary-expr","locations":[{"start":{"line":99,"column":20},"end":{"line":99,"column":22}},{"start":{"line":99,"column":26},"end":{"line":99,"column":43}}]},"15":{"line":108,"type":"if","locations":[{"start":{"line":108,"column":12},"end":{"line":108,"column":12}},{"start":{"line":108,"column":12},"end":{"line":108,"column":12}}]},"16":{"line":115,"type":"cond-expr","locations":[{"start":{"line":116,"column":14},"end":{"line":116,"column":77}},{"start":{"line":117,"column":14},"end":{"line":117,"column":16}}]},"17":{"line":138,"type":"if","locations":[{"start":{"line":138,"column":6},"end":{"line":138,"column":6}},{"start":{"line":138,"column":6},"end":{"line":138,"column":6}}]},"18":{"line":140,"type":"if","locations":[{"start":{"line":140,"column":6},"end":{"line":140,"column":6}},{"start":{"line":140,"column":6},"end":{"line":140,"column":6}}]},"19":{"line":144,"type":"if","locations":[{"start":{"line":144,"column":6},"end":{"line":144,"column":6}},{"start":{"line":144,"column":6},"end":{"line":144,"column":6}}]},"20":{"line":150,"type":"if","locations":[{"start":{"line":150,"column":8},"end":{"line":150,"column":8}},{"start":{"line":150,"column":8},"end":{"line":150,"column":8}}]},"21":{"line":154,"type":"if","locations":[{"start":{"line":154,"column":8},"end":{"line":154,"column":8}},{"start":{"line":154,"column":8},"end":{"line":154,"column":8}}]},"22":{"line":161,"type":"if","locations":[{"start":{"line":161,"column":6},"end":{"line":161,"column":6}},{"start":{"line":161,"column":6},"end":{"line":161,"column":6}}]},"23":{"line":167,"type":"if","locations":[{"start":{"line":167,"column":4},"end":{"line":167,"column":4}},{"start":{"line":167,"column":4},"end":{"line":167,"column":4}}]}},"code":["'use strict'","","var promise = require('../common/promise')","var map = require('../common/array/map')","var find = require('../common/array/find')","var reduce = require('../common/array/reduce')","","var errors = require('../common/errors')","var BadRequestError = errors.BadRequestError","","var keys = require('../common/keys')","var primaryKey = keys.primary","var linkKey = keys.link","","","/**"," * Fetch included records. This mutates `context.response`"," * for the next method."," *"," * @return {Promise}"," */","module.exports = function include (context) {","  var Promise = promise.Promise","  var request = context.request","  var type = request.type","  var ids = request.ids || []","  var include = request.include","  var meta = request.meta","  var response = context.response","  var transaction = context.transaction","  var records = response.records","  var recordTypes = this.recordTypes","  var i, j, record, id","","  // This cache is used to keep unique IDs per type.","  var idCache = {}","  idCache[type] = {}","  for (i = 0, j = ids.length; i < j; i++)","    idCache[type][ids[i]] = true","","  if (!type || !include || !records) return context","","  // It's necessary to iterate over primary records if no IDs were","  // provided initially.","  if (ids && !ids.length)","    for (i = 0, j = records.length; i < j; i++) {","      record = records[i]","      id = record[primaryKey]","      if (!idCache[type][id]) idCache[type][id] = true","    }","","  return Promise.all(map(include, function (fields) {","    return new Promise(function (resolve, reject) {","      var currentType = type","      var currentIds = []","      var includeOptions = []","      var currentCache, currentOptions, currentField, i, j","","      for (i = 0, j = fields.length; i < j; i++)","        if (Array.isArray(fields[i])) {","          includeOptions[i] = fields[i][1]","          fields[i] = fields[i][0]","        }","","      // Ensure that the first level field is in the record.","      return Promise.all(map(records, function (record) {","        var options","","        if (!record.hasOwnProperty(fields[0])) {","          options = { fields: {} }","          options.fields[fields[0]] = true","","          return transaction.find(type, [ record[primaryKey] ], options, meta)","          .then(function (records) { return records[0] })","        }","","        return record","      }))","","      .then(function (records) {","        // `cursor` refers to the current collection of records.","        return reduce(fields, function (records, field, index) {","          return records.then(function (cursor) {","            currentField = recordTypes[currentType][field]","","            if (!currentType || !currentField) return []","            if (!(linkKey in currentField)) throw new BadRequestError(","              'The field \"' + field + '\" does not define a link.')","","            currentCache = {}","            currentType = currentField[linkKey]","            currentIds = reduce(cursor, function (ids, record) {","              var linkedIds = Array.isArray(record[field]) ?","                record[field] : [ record[field] ]","              var i, j, id","","              for (i = 0, j = linkedIds.length; i < j; i++) {","                id = linkedIds[i]","                if (id && !currentCache[id]) {","                  currentCache[id] = true","                  ids.push(id)","                }","              }","","              return ids","            }, [])","","            if (index in includeOptions)","              currentOptions = includeOptions[index]","            else {","              currentOptions = { fields: {} }","              currentOptions.fields[fields[index + 1]] = true","            }","","            return currentIds.length ?","              transaction.find(currentType, currentIds, currentOptions, meta) :","              []","          })","        }, Promise.resolve(records))","      })","","      .then(function (records) {","        return resolve({","          type: currentType,","          ids: currentIds,","          records: records","        })","      }, function (error) {","        return reject(error)","      })","    })","  }))","","  .then(function (containers) {","    var include = reduce(containers, function (include, container) {","      var i, j, id, record","","      if (!container.ids.length) return include","","      if (!include[container.type])","        include[container.type] = []","","      // Only include unique IDs per type.","      if (!idCache[container.type])","        idCache[container.type] = {}","","      for (i = 0, j = container.ids.length; i < j; i++) {","        id = container.ids[i]","","        if (idCache[container.type][id]) continue","","        record = find(container.records, matchId(id))","","        if (record) {","          idCache[container.type][id] = true","          include[container.type].push(record)","        }","      }","","      // If nothing so far, delete the type from include.","      if (!include[container.type].length)","        delete include[container.type]","","      return include","    }, {})","","    if (Object.keys(include).length)","      Object.defineProperty(context.response, 'include', {","        configurable: true,","        value: include","      })","","    return context","  })","}","","","function matchId (id) {","  return function (record) {","    return record[primaryKey] === id","  }","}",""],"l":{"3":1,"4":1,"5":1,"6":1,"8":1,"9":1,"11":1,"12":1,"13":1,"22":1,"23":0,"24":0,"25":0,"26":0,"27":0,"28":0,"29":0,"30":0,"31":0,"32":0,"33":0,"36":0,"37":0,"38":0,"39":0,"41":0,"45":0,"46":0,"47":0,"48":0,"49":0,"52":0,"53":0,"54":0,"55":0,"56":0,"57":0,"59":0,"60":0,"61":0,"62":0,"66":0,"67":0,"69":0,"70":0,"71":0,"73":0,"74":0,"77":0,"82":0,"83":0,"84":0,"86":0,"87":0,"90":0,"91":0,"92":0,"93":0,"95":0,"97":0,"98":0,"99":0,"100":0,"101":0,"105":0,"108":0,"109":0,"111":0,"112":0,"115":0,"123":0,"129":0,"135":0,"136":0,"138":0,"140":0,"141":0,"144":0,"145":0,"147":0,"148":0,"150":0,"152":0,"154":0,"155":0,"156":0,"161":0,"162":0,"164":0,"167":0,"168":0,"173":0,"178":1,"179":0,"180":0}},"/home/travis/build/npmtest/node-npmtest-fortune/node_modules/fortune/lib/dispatch/end.js":{"path":"/home/travis/build/npmtest/node-npmtest-fortune/node_modules/fortune/lib/dispatch/end.js","s":{"1":1,"2":1,"3":1,"4":0,"5":0,"6":0,"7":0,"8":0,"9":0,"10":0,"11":0,"12":0,"13":0,"14":0,"15":0,"16":0,"17":0,"18":0,"19":0,"20":0,"21":0,"22":0,"23":0,"24":0,"25":0,"26":0,"27":0,"28":0,"29":0,"30":0,"31":0,"32":0,"33":0,"34":0,"35":0,"36":0,"37":0},"b":{"1":[0,0],"2":[0,0],"3":[0,0],"4":[0,0],"5":[0,0],"6":[0,0],"7":[0,0],"8":[0,0],"9":[0,0]},"f":{"1":0,"2":0,"3":0,"4":0,"5":0,"6":0,"7":0},"fnMap":{"1":{"name":"(anonymous_1)","line":12,"loc":{"start":{"line":12,"column":17},"end":{"line":12,"column":36}}},"2":{"name":"(anonymous_2)","line":27,"loc":{"start":{"line":27,"column":45},"end":{"line":27,"column":63}}},"3":{"name":"(anonymous_3)","line":32,"loc":{"start":{"line":32,"column":8},"end":{"line":32,"column":34}}},"4":{"name":"(anonymous_4)","line":45,"loc":{"start":{"line":45,"column":41},"end":{"line":45,"column":64}}},"5":{"name":"(anonymous_5)","line":46,"loc":{"start":{"line":46,"column":51},"end":{"line":46,"column":69}}},"6":{"name":"(anonymous_6)","line":53,"loc":{"start":{"line":53,"column":10},"end":{"line":53,"column":27}}},"7":{"name":"(anonymous_7)","line":63,"loc":{"start":{"line":63,"column":8},"end":{"line":63,"column":20}}}},"statementMap":{"1":{"start":{"line":3,"column":0},"end":{"line":3,"column":40}},"2":{"start":{"line":4,"column":0},"end":{"line":4,"column":42}},"3":{"start":{"line":12,"column":0},"end":{"line":76,"column":1}},"4":{"start":{"line":13,"column":2},"end":{"line":13,"column":31}},"5":{"start":{"line":14,"column":2},"end":{"line":14,"column":24}},"6":{"start":{"line":15,"column":2},"end":{"line":15,"column":31}},"7":{"start":{"line":16,"column":2},"end":{"line":16,"column":33}},"8":{"start":{"line":17,"column":2},"end":{"line":17,"column":25}},"9":{"start":{"line":18,"column":2},"end":{"line":18,"column":24}},"10":{"start":{"line":19,"column":2},"end":{"line":19,"column":32}},"11":{"start":{"line":20,"column":2},"end":{"line":20,"column":32}},"12":{"start":{"line":23,"column":2},"end":{"line":23,"column":25}},"13":{"start":{"line":24,"column":2},"end":{"line":24,"column":25}},"14":{"start":{"line":27,"column":2},"end":{"line":75,"column":4}},"15":{"start":{"line":28,"column":4},"end":{"line":29,"column":40}},"16":{"start":{"line":33,"column":4},"end":{"line":33,"column":20}},"17":{"start":{"line":34,"column":4},"end":{"line":34,"column":12}},"18":{"start":{"line":36,"column":4},"end":{"line":37,"column":59}},"19":{"start":{"line":37,"column":6},"end":{"line":37,"column":59}},"20":{"start":{"line":37,"column":29},"end":{"line":37,"column":59}},"21":{"start":{"line":39,"column":4},"end":{"line":39,"column":31}},"22":{"start":{"line":39,"column":18},"end":{"line":39,"column":31}},"23":{"start":{"line":42,"column":4},"end":{"line":42,"column":39}},"24":{"start":{"line":45,"column":4},"end":{"line":60,"column":6}},"25":{"start":{"line":46,"column":6},"end":{"line":50,"column":9}},"26":{"start":{"line":47,"column":8},"end":{"line":49,"column":60}},"27":{"start":{"line":54,"column":6},"end":{"line":54,"column":20}},"28":{"start":{"line":57,"column":6},"end":{"line":59,"column":68}},"29":{"start":{"line":58,"column":8},"end":{"line":59,"column":68}},"30":{"start":{"line":59,"column":10},"end":{"line":59,"column":68}},"31":{"start":{"line":59,"column":27},"end":{"line":59,"column":68}},"32":{"start":{"line":64,"column":4},"end":{"line":66,"column":5}},"33":{"start":{"line":68,"column":4},"end":{"line":68,"column":59}},"34":{"start":{"line":68,"column":17},"end":{"line":68,"column":59}},"35":{"start":{"line":71,"column":4},"end":{"line":72,"column":52}},"36":{"start":{"line":72,"column":6},"end":{"line":72,"column":52}},"37":{"start":{"line":74,"column":4},"end":{"line":74,"column":18}}},"branchMap":{"1":{"line":27,"type":"cond-expr","locations":[{"start":{"line":27,"column":20},"end":{"line":61,"column":4}},{"start":{"line":61,"column":7},"end":{"line":61,"column":24}}]},"2":{"line":28,"type":"cond-expr","locations":[{"start":{"line":29,"column":6},"end":{"line":29,"column":30}},{"start":{"line":29,"column":33},"end":{"line":29,"column":39}}]},"3":{"line":37,"type":"if","locations":[{"start":{"line":37,"column":6},"end":{"line":37,"column":6}},{"start":{"line":37,"column":6},"end":{"line":37,"column":6}}]},"4":{"line":39,"type":"if","locations":[{"start":{"line":39,"column":4},"end":{"line":39,"column":4}},{"start":{"line":39,"column":4},"end":{"line":39,"column":4}}]},"5":{"line":48,"type":"cond-expr","locations":[{"start":{"line":49,"column":12},"end":{"line":49,"column":50}},{"start":{"line":49,"column":53},"end":{"line":49,"column":59}}]},"6":{"line":59,"type":"if","locations":[{"start":{"line":59,"column":10},"end":{"line":59,"column":10}},{"start":{"line":59,"column":10},"end":{"line":59,"column":10}}]},"7":{"line":68,"type":"if","locations":[{"start":{"line":68,"column":4},"end":{"line":68,"column":4}},{"start":{"line":68,"column":4},"end":{"line":68,"column":4}}]},"8":{"line":71,"type":"if","locations":[{"start":{"line":71,"column":4},"end":{"line":71,"column":4}},{"start":{"line":71,"column":4},"end":{"line":71,"column":4}}]},"9":{"line":71,"type":"binary-expr","locations":[{"start":{"line":71,"column":8},"end":{"line":71,"column":15}},{"start":{"line":71,"column":19},"end":{"line":71,"column":37}}]}},"code":["'use strict'","","var map = require('../common/array/map')","var promise = require('../common/promise')","","","/**"," * Apply `output` hook per record, this mutates `context.response`."," *"," * @return {Promise}"," */","module.exports = function (context) {","  var Promise = promise.Promise","  var hooks = this.hooks","  var request = context.request","  var response = context.response","  var type = request.type","  var hook = hooks[type]","  var records = response.records","  var include = response.include","","  // Delete temporary keys.","  delete response.records","  delete response.include","","  // Run hooks on primary type.","  return (records ? Promise.all(map(records, function (record) {","    return Promise.resolve(typeof hook[1] === 'function' ?","      hook[1](context, record) : record)","  }))","","  .then(function (updatedRecords) {","    var includeTypes","    var i, j","","    for (i = 0, j = updatedRecords.length; i < j; i++)","      if (updatedRecords[i]) records[i] = updatedRecords[i]","","    if (!include) return void 0","","    // The order of the keys and their corresponding indices matter.","    includeTypes = Object.keys(include)","","    // Run output hooks per include type.","    return Promise.all(map(includeTypes, function (includeType) {","      return Promise.all(map(include[includeType], function (record) {","        return Promise.resolve(","          typeof hooks[includeType][1] === 'function' ?","            hooks[includeType][1](context, record) : record)","      }))","    }))","","    .then(function (types) {","      var i, j, k, l","","      // Assign results of output hooks on includes.","      for (i = 0, j = types.length; i < j; i++)","        for (k = 0, l = types[i].length; k < l; k++)","          if (types[i][k]) include[includeTypes[i]][k] = types[i][k]","    })","  }) : Promise.resolve())","","  .then(function () {","    context.response.payload = {","      records: records","    }","","    if (include) context.response.payload.include = include","","    // Expose the \"count\" property so that it is serializable.","    if (records && 'count' in records)","      context.response.payload.count = records.count","","    return context","  })","}",""],"l":{"3":1,"4":1,"12":1,"13":0,"14":0,"15":0,"16":0,"17":0,"18":0,"19":0,"20":0,"23":0,"24":0,"27":0,"28":0,"33":0,"34":0,"36":0,"37":0,"39":0,"42":0,"45":0,"46":0,"47":0,"54":0,"57":0,"58":0,"59":0,"64":0,"68":0,"71":0,"72":0,"74":0}},"/home/travis/build/npmtest/node-npmtest-fortune/node_modules/fortune/lib/global.js":{"path":"/home/travis/build/npmtest/node-npmtest-fortune/node_modules/fortune/lib/global.js","s":{"1":2},"b":{},"f":{},"fnMap":{},"statementMap":{"1":{"start":{"line":3,"column":0},"end":{"line":3,"column":30}}},"branchMap":{},"code":["'use strict'","","window.fortune = require('./')",""],"l":{"3":2}},"/home/travis/build/npmtest/node-npmtest-fortune/node_modules/fortune/lib/header.js":{"path":"/home/travis/build/npmtest/node-npmtest-fortune/node_modules/fortune/lib/header.js","s":{"1":1,"2":1},"b":{},"f":{},"fnMap":{},"statementMap":{"1":{"start":{"line":3,"column":0},"end":{"line":3,"column":36}},"2":{"start":{"line":5,"column":0},"end":{"line":12,"column":13}}},"branchMap":{},"code":["'use strict'","","var pkg = require('../package.json')","","process.stdout.write([","  '/*!',","  ' * Fortune.js',","  ' * Version ' + pkg.version,","  ' * ' + pkg.license + ' License',","  ' * ' + pkg.homepage,","  ' */', ''","].join('\\n'))",""],"l":{"3":1,"5":1}}}